#
# There is insufficient memory for the Java Runtime Environment to continue.
# Native memory allocation (malloc) failed to allocate 1440656 bytes. Error detail: Chunk::new
# Possible reasons:
#   The system is out of physical RAM or swap space
#   This process is running with CompressedOops enabled, and the Java Heap may be blocking the growth of the native heap
# Possible solutions:
#   Reduce memory load on the system
#   Increase physical memory or swap space
#   Check if swap backing store is full
#   Decrease Java heap size (-Xmx/-Xms)
#   Decrease number of Java threads
#   Decrease Java thread stack sizes (-Xss)
#   Set larger code cache with -XX:ReservedCodeCacheSize=
#   JVM is running with Unscaled Compressed Oops mode in which the Java heap is
#     placed in the first 4GB address space. The Java Heap base address is the
#     maximum limit for the native heap growth. Please use -XX:HeapBaseMinAddress
#     to set the Java Heap base and to place the Java Heap above 4GB virtual address.
# This output file may be truncated or incomplete.
#
#  Out of Memory Error (arena.cpp:191), pid=287980, tid=262860
#
# JRE version: OpenJDK Runtime Environment Temurin-17.0.18+8 (17.0.18+8) (build 17.0.18+8)
# Java VM: OpenJDK 64-Bit Server VM Temurin-17.0.18+8 (17.0.18+8, mixed mode, sharing, tiered, compressed oops, compressed class ptrs, g1 gc, windows-amd64)
# No core dump will be written. Minidumps are not enabled by default on client versions of Windows
#

---------------  S U M M A R Y ------------

Command Line: --add-opens=java.base/java.lang=ALL-UNNAMED --add-opens=java.base/java.lang.invoke=ALL-UNNAMED --add-opens=java.base/java.util=ALL-UNNAMED --add-opens=java.prefs/java.util.prefs=ALL-UNNAMED --add-exports=jdk.compiler/com.sun.tools.javac.api=ALL-UNNAMED --add-exports=jdk.compiler/com.sun.tools.javac.util=ALL-UNNAMED --add-opens=java.base/java.util=ALL-UNNAMED --add-opens=java.prefs/java.util.prefs=ALL-UNNAMED --add-opens=java.base/java.nio.charset=ALL-UNNAMED --add-opens=java.base/java.net=ALL-UNNAMED --add-opens=java.base/java.util.concurrent=ALL-UNNAMED --add-opens=java.base/java.util.concurrent.atomic=ALL-UNNAMED --add-opens=java.xml/javax.xml.namespace=ALL-UNNAMED --add-opens=java.base/java.time=ALL-UNNAMED -XX:MaxMetaspaceSize=384m -XX:+HeapDumpOnOutOfMemoryError -Xms256m -Xmx512m -Dfile.encoding=UTF-8 -Duser.country=PH -Duser.language=en -Duser.variant -javaagent:C:\Users\Stephanie\.gradle\wrapper\dists\gradle-9.4.1-bin\arn2x92ynaizyzdaamcbpbhtj\gradle-9.4.1\lib\agents\gradle-instrumentation-agent-9.4.1.jar org.gradle.launcher.daemon.bootstrap.GradleDaemon 9.4.1

Host: AMD Ryzen 3 7320U with Radeon Graphics         , 8 cores, 7G,  Windows 11 , 64 bit Build 22621 (10.0.22621.5262)
Time: Fri May  1 21:08:11 2026 Malay Peninsula Standard Time elapsed time: 85.561250 seconds (0d 0h 1m 25s)

---------------  T H R E A D  ---------------

Current thread (0x00000201d8224570):  JavaThread "C2 CompilerThread0" daemon [_thread_in_native, id=262860, stack(0x000000eef0400000,0x000000eef0500000)]


Current CompileTask:
C2:85561 12816       4       java.io.ObjectOutputStream::writeClassDesc (60 bytes)

Stack: [0x000000eef0400000,0x000000eef0500000]
Native frames: (J=compiled Java code, j=interpreted, Vv=VM code, C=native code)
V  [jvm.dll+0x6846f9]
V  [jvm.dll+0x839ea5]
V  [jvm.dll+0x83b91e]
V  [jvm.dll+0x83bfa3]
V  [jvm.dll+0x248eff]
V  [jvm.dll+0xad496]
V  [jvm.dll+0xadb3c]
V  [jvm.dll+0x368bcf]
V  [jvm.dll+0x1bc3f9]
V  [jvm.dll+0x219f10]
V  [jvm.dll+0x219200]
V  [jvm.dll+0x1a4920]
V  [jvm.dll+0x22989a]
V  [jvm.dll+0x227a4b]
V  [jvm.dll+0x7f0658]
V  [jvm.dll+0x7eaaec]
V  [jvm.dll+0x6835c7]
C  [ucrtbase.dll+0x29333]
C  [KERNEL32.DLL+0x1259d]
C  [ntdll.dll+0x5af58]


---------------  P R O C E S S  ---------------

Threads class SMR info:
_java_thread_list=0x00000201f83bc820, length=69, elements={
0x00000201bd6440a0, 0x00000201d8213280, 0x00000201d8213e40, 0x00000201d8221e50,
0x00000201d8222720, 0x00000201d8222ff0, 0x00000201d82238c0, 0x00000201d8224570,
0x00000201d8224f30, 0x00000201d83a7fb0, 0x00000201d83d0390, 0x00000201d859c290,
0x00000201f286a070, 0x00000201f33e4770, 0x00000201f27f6de0, 0x00000201f352ed80,
0x00000201f312e5f0, 0x00000201f312fa30, 0x00000201f312dbd0, 0x00000201f312eb00,
0x00000201f4da2620, 0x00000201f4d9da30, 0x00000201f4d9cb00, 0x00000201f4d9b6c0,
0x00000201f4da02b0, 0x00000201f4da0cd0, 0x00000201f4da07c0, 0x00000201f4d9df40,
0x00000201f4d9e450, 0x00000201f4d9c0e0, 0x00000201f4da11e0, 0x00000201f4da16f0,
0x00000201f4d9bbd0, 0x00000201f4da1c00, 0x00000201f4d9d010, 0x00000201f4d9e960,
0x00000201f4da2110, 0x00000201f4da3040, 0x00000201f4d9f380, 0x00000201f4d9ee70,
0x00000201f4d9f890, 0x00000201f3130e70, 0x00000201f312ff40, 0x00000201f312f010,
0x00000201f3130450, 0x00000201f4da2b30, 0x00000201f5aa62c0, 0x00000201f5aa7c10,
0x00000201f5aab8d0, 0x00000201f5aa9f80, 0x00000201f5aa6ce0, 0x00000201f5aa5390,
0x00000201f5aa8120, 0x00000201f5aaa490, 0x00000201f5aa8630, 0x00000201f5aaa9a0,
0x00000201f5aabde0, 0x00000201f5aa4e80, 0x00000201f5aac800, 0x00000201f5aa58a0,
0x00000201f5aa8b40, 0x00000201f5aaaeb0, 0x00000201f5aab3c0, 0x00000201f5aa67d0,
0x00000201f5aa9050, 0x00000201f5aa9560, 0x00000201f5aa5db0, 0x00000201f5aa71f0,
0x00000201f4f9ad90
}

Java Threads: ( => current thread )
  0x00000201bd6440a0 JavaThread "main" [_thread_blocked, id=278388, stack(0x000000eeef700000,0x000000eeef800000)]
  0x00000201d8213280 JavaThread "Reference Handler" daemon [_thread_blocked, id=256508, stack(0x000000eeefe00000,0x000000eeeff00000)]
  0x00000201d8213e40 JavaThread "Finalizer" daemon [_thread_blocked, id=46280, stack(0x000000eeeff00000,0x000000eef0000000)]
  0x00000201d8221e50 JavaThread "Signal Dispatcher" daemon [_thread_blocked, id=272520, stack(0x000000eef0000000,0x000000eef0100000)]
  0x00000201d8222720 JavaThread "Attach Listener" daemon [_thread_blocked, id=283832, stack(0x000000eef0100000,0x000000eef0200000)]
  0x00000201d8222ff0 JavaThread "Service Thread" daemon [_thread_blocked, id=280996, stack(0x000000eef0200000,0x000000eef0300000)]
  0x00000201d82238c0 JavaThread "Monitor Deflation Thread" daemon [_thread_blocked, id=285460, stack(0x000000eef0300000,0x000000eef0400000)]
=>0x00000201d8224570 JavaThread "C2 CompilerThread0" daemon [_thread_in_native, id=262860, stack(0x000000eef0400000,0x000000eef0500000)]
  0x00000201d8224f30 JavaThread "C1 CompilerThread0" daemon [_thread_blocked, id=277440, stack(0x000000eef0500000,0x000000eef0600000)]
  0x00000201d83a7fb0 JavaThread "Sweeper thread" daemon [_thread_blocked, id=255444, stack(0x000000eef0600000,0x000000eef0700000)]
  0x00000201d83d0390 JavaThread "Common-Cleaner" daemon [_thread_blocked, id=287108, stack(0x000000eef0700000,0x000000eef0800000)]
  0x00000201d859c290 JavaThread "Notification Thread" daemon [_thread_blocked, id=280864, stack(0x000000eef0800000,0x000000eef0900000)]
  0x00000201f286a070 JavaThread "Daemon health stats" [_thread_blocked, id=235424, stack(0x000000eef0f00000,0x000000eef1000000)]
  0x00000201f33e4770 JavaThread "Incoming local TCP Connector on port 59504" [_thread_in_native, id=269168, stack(0x000000eef1000000,0x000000eef1100000)]
  0x00000201f27f6de0 JavaThread "Daemon periodic checks" [_thread_blocked, id=255108, stack(0x000000eef1100000,0x000000eef1200000)]
  0x00000201f352ed80 JavaThread "Daemon" [_thread_blocked, id=271756, stack(0x000000eef1300000,0x000000eef1400000)]
  0x00000201f312e5f0 JavaThread "Daemon worker" [_thread_in_native, id=285568, stack(0x000000eef1600000,0x000000eef1700000)]
  0x00000201f312fa30 JavaThread "Cache worker for journal cache (C:\Users\Stephanie\.gradle\caches\journal-1)" [_thread_blocked, id=282432, stack(0x000000eef1a00000,0x000000eef1b00000)]
  0x00000201f312dbd0 JavaThread "File lock request listener" [_thread_in_native, id=81040, stack(0x000000eef1b00000,0x000000eef1c00000)]
  0x00000201f312eb00 JavaThread "Cache worker for file hash cache (C:\Users\Stephanie\.gradle\caches\9.4.1\fileHashes)" [_thread_blocked, id=253708, stack(0x000000eef1c00000,0x000000eef1d00000)]
  0x00000201f4da2620 JavaThread "File watcher server" daemon [_thread_in_native, id=283348, stack(0x000000eef2200000,0x000000eef2300000)]
  0x00000201f4d9da30 JavaThread "File watcher consumer" daemon [_thread_blocked, id=289020, stack(0x000000eef2300000,0x000000eef2400000)]
  0x00000201f4d9cb00 JavaThread "Handler for socket connection from /127.0.0.1:59504 to /127.0.0.1:53319" [_thread_in_native, id=273208, stack(0x000000eef1800000,0x000000eef1900000)]
  0x00000201f4d9b6c0 JavaThread "Cancel handler" [_thread_blocked, id=16388, stack(0x000000eef1900000,0x000000eef1a00000)]
  0x00000201f4da02b0 JavaThread "Asynchronous log dispatcher for DefaultDaemonConnection: socket connection from /127.0.0.1:59504 to /127.0.0.1:53319" [_thread_blocked, id=284864, stack(0x000000eef2000000,0x000000eef2100000)]
  0x00000201f4da0cd0 JavaThread "Stdin handler" [_thread_blocked, id=291096, stack(0x000000eef2100000,0x000000eef2200000)]
  0x00000201f4da07c0 JavaThread "Daemon client event forwarder" [_thread_in_native, id=41464, stack(0x000000eef2400000,0x000000eef2500000)]
  0x00000201f4d9df40 JavaThread "Cache worker for file hash cache (C:\Users\Stephanie\Downloads\EcommerceAPI (2)\EcommerceAPI\.gradle\9.4.1\fileHashes)" [_thread_blocked, id=290116, stack(0x000000eef2500000,0x000000eef2600000)]
  0x00000201f4d9e450 JavaThread "Cache worker for Build Output Cleanup Cache (C:\Users\Stephanie\Downloads\EcommerceAPI (2)\EcommerceAPI\.gradle\buildOutputCleanup)" [_thread_blocked, id=286460, stack(0x000000eef2600000,0x000000eef2700000)]
  0x00000201f4d9c0e0 JavaThread "jar transforms" [_thread_blocked, id=275708, stack(0x000000eef2700000,0x000000eef2800000)]
  0x00000201f4da11e0 JavaThread "jar transforms Thread 2" [_thread_blocked, id=289928, stack(0x000000eef2800000,0x000000eef2900000)]
  0x00000201f4da16f0 JavaThread "jar transforms Thread 3" [_thread_blocked, id=253668, stack(0x000000eef2900000,0x000000eef2a00000)]
  0x00000201f4d9bbd0 JavaThread "jar transforms Thread 4" [_thread_blocked, id=289512, stack(0x000000eef2a00000,0x000000eef2b00000)]
  0x00000201f4da1c00 JavaThread "jar transforms Thread 5" [_thread_blocked, id=277064, stack(0x000000eef2b00000,0x000000eef2c00000)]
  0x00000201f4d9d010 JavaThread "jar transforms Thread 6" [_thread_blocked, id=258816, stack(0x000000eef2c00000,0x000000eef2d00000)]
  0x00000201f4d9e960 JavaThread "jar transforms Thread 7" [_thread_blocked, id=282260, stack(0x000000eef2d00000,0x000000eef2e00000)]
  0x00000201f4da2110 JavaThread "jar transforms Thread 8" [_thread_blocked, id=285684, stack(0x000000eef2e00000,0x000000eef2f00000)]
  0x00000201f4da3040 JavaThread "Cache worker for file content cache (C:\Users\Stephanie\.gradle\caches\9.4.1\fileContent)" [_thread_blocked, id=86116, stack(0x000000eef2f00000,0x000000eef3000000)]
  0x00000201f4d9f380 JavaThread "Cache worker for checksums cache (C:\Users\Stephanie\Downloads\EcommerceAPI (2)\EcommerceAPI\.gradle\9.4.1\checksums)" [_thread_blocked, id=27024, stack(0x000000eef3000000,0x000000eef3100000)]
  0x00000201f4d9ee70 JavaThread "Cache worker for cache directory md-supplier (C:\Users\Stephanie\.gradle\caches\9.4.1\md-supplier)" [_thread_blocked, id=287764, stack(0x000000eef3100000,0x000000eef3200000)]
  0x00000201f4d9f890 JavaThread "Cache worker for cache directory md-rule (C:\Users\Stephanie\.gradle\caches\9.4.1\md-rule)" [_thread_blocked, id=289428, stack(0x000000eef3200000,0x000000eef3300000)]
  0x00000201f3130e70 JavaThread "Build operations" [_thread_in_native, id=277164, stack(0x000000eef3400000,0x000000eef3500000)]
  0x00000201f312ff40 JavaThread "Build operations Thread 2" [_thread_in_native, id=280600, stack(0x000000eef3500000,0x000000eef3600000)]
  0x00000201f312f010 JavaThread "Build operations Thread 3" [_thread_in_native, id=266824, stack(0x000000eef3600000,0x000000eef3700000)]
  0x00000201f3130450 JavaThread "Build operations Thread 4" [_thread_in_native, id=274164, stack(0x000000eef3700000,0x000000eef3800000)]
  0x00000201f4da2b30 JavaThread "Build operations Thread 5" [_thread_blocked, id=259476, stack(0x000000eef3800000,0x000000eef3900000)]
  0x00000201f5aa62c0 JavaThread "Build operations Thread 6" [_thread_in_native, id=246928, stack(0x000000eef3900000,0x000000eef3a00000)]
  0x00000201f5aa7c10 JavaThread "Build operations Thread 7" [_thread_in_native, id=268516, stack(0x000000eef3a00000,0x000000eef3b00000)]
  0x00000201f5aab8d0 JavaThread "Build operations Thread 8" [_thread_in_native, id=291608, stack(0x000000eef3b00000,0x000000eef3c00000)]
  0x00000201f5aa9f80 JavaThread "Unconstrained build operations" [_thread_blocked, id=272456, stack(0x000000eeef600000,0x000000eeef700000)]
  0x00000201f5aa6ce0 JavaThread "Unconstrained build operations Thread 2" [_thread_blocked, id=282640, stack(0x000000eef1200000,0x000000eef1300000)]
  0x00000201f5aa5390 JavaThread "Unconstrained build operations Thread 3" [_thread_blocked, id=225112, stack(0x000000eef3300000,0x000000eef3400000)]
  0x00000201f5aa8120 JavaThread "Unconstrained build operations Thread 4" [_thread_blocked, id=272968, stack(0x000000eef3d00000,0x000000eef3e00000)]
  0x00000201f5aaa490 JavaThread "Unconstrained build operations Thread 5" [_thread_blocked, id=287324, stack(0x000000eef3e00000,0x000000eef3f00000)]
  0x00000201f5aa8630 JavaThread "Unconstrained build operations Thread 6" [_thread_blocked, id=282596, stack(0x000000eef3f00000,0x000000eef4000000)]
  0x00000201f5aaa9a0 JavaThread "Unconstrained build operations Thread 7" [_thread_blocked, id=117228, stack(0x000000eef4000000,0x000000eef4100000)]
  0x00000201f5aabde0 JavaThread "Unconstrained build operations Thread 8" [_thread_blocked, id=279156, stack(0x000000eef4100000,0x000000eef4200000)]
  0x00000201f5aa4e80 JavaThread "Unconstrained build operations Thread 9" [_thread_blocked, id=290944, stack(0x000000eef4200000,0x000000eef4300000)]
  0x00000201f5aac800 JavaThread "Unconstrained build operations Thread 10" [_thread_blocked, id=237656, stack(0x000000eef4300000,0x000000eef4400000)]
  0x00000201f5aa58a0 JavaThread "Unconstrained build operations Thread 11" [_thread_blocked, id=271516, stack(0x000000eef4400000,0x000000eef4500000)]
  0x00000201f5aa8b40 JavaThread "Unconstrained build operations Thread 12" [_thread_blocked, id=280584, stack(0x000000eef4500000,0x000000eef4600000)]
  0x00000201f5aaaeb0 JavaThread "Unconstrained build operations Thread 13" [_thread_blocked, id=287352, stack(0x000000eef4600000,0x000000eef4700000)]
  0x00000201f5aab3c0 JavaThread "Unconstrained build operations Thread 14" [_thread_blocked, id=284660, stack(0x000000eef4700000,0x000000eef4800000)]
  0x00000201f5aa67d0 JavaThread "Unconstrained build operations Thread 15" [_thread_blocked, id=282104, stack(0x000000eef4800000,0x000000eef4900000)]
  0x00000201f5aa9050 JavaThread "Unconstrained build operations Thread 16" [_thread_blocked, id=275724, stack(0x000000eef4900000,0x000000eef4a00000)]
  0x00000201f5aa9560 JavaThread "Unconstrained build operations Thread 17" [_thread_blocked, id=259992, stack(0x000000eef4a00000,0x000000eef4b00000)]
  0x00000201f5aa5db0 JavaThread "Unconstrained build operations Thread 18" [_thread_blocked, id=277828, stack(0x000000eef4b00000,0x000000eef4c00000)]
  0x00000201f5aa71f0 JavaThread "Unconstrained build operations Thread 19" [_thread_blocked, id=274236, stack(0x000000eef4c00000,0x000000eef4d00000)]
  0x00000201f4f9ad90 JavaThread "Unconstrained build operations Thread 20" [_thread_blocked, id=274056, stack(0x000000eef4d00000,0x000000eef4e00000)]

Other Threads:
  0x00000201d820a510 VMThread "VM Thread" [stack: 0x000000eeefd00000,0x000000eeefe00000] [id=240052]
  0x00000201bd644c60 WatcherThread [stack: 0x000000eef0900000,0x000000eef0a00000] [id=271376]
  0x00000201bd674ba0 GCTaskThread "GC Thread#0" [stack: 0x000000eeef800000,0x000000eeef900000] [id=277548]
  0x00000201d89ceb60 GCTaskThread "GC Thread#1" [stack: 0x000000eef0a00000,0x000000eef0b00000] [id=279004]
  0x00000201d8695590 GCTaskThread "GC Thread#2" [stack: 0x000000eef0b00000,0x000000eef0c00000] [id=281432]
  0x00000201d8ea6f90 GCTaskThread "GC Thread#3" [stack: 0x000000eef0c00000,0x000000eef0d00000] [id=279572]
  0x00000201d8ea7250 GCTaskThread "GC Thread#4" [stack: 0x000000eef0d00000,0x000000eef0e00000] [id=264424]
  0x00000201d8ea7510 GCTaskThread "GC Thread#5" [stack: 0x000000eef0e00000,0x000000eef0f00000] [id=241384]
  0x00000201f3c793f0 GCTaskThread "GC Thread#6" [stack: 0x000000eef1d00000,0x000000eef1e00000] [id=244932]
  0x00000201f2a66d30 GCTaskThread "GC Thread#7" [stack: 0x000000eef1e00000,0x000000eef1f00000] [id=258492]
  0x00000201bd679990 ConcurrentGCThread "G1 Main Marker" [stack: 0x000000eeef900000,0x000000eeefa00000] [id=95508]
  0x00000201bd67a250 ConcurrentGCThread "G1 Conc#0" [stack: 0x000000eeefa00000,0x000000eeefb00000] [id=280640]
  0x00000201f50dbb90 ConcurrentGCThread "G1 Conc#1" [stack: 0x000000eef1f00000,0x000000eef2000000] [id=280204]
  0x00000201d80c4190 ConcurrentGCThread "G1 Refine#0" [stack: 0x000000eeefb00000,0x000000eeefc00000] [id=285484]
  0x00000201d80c4970 ConcurrentGCThread "G1 Service" [stack: 0x000000eeefc00000,0x000000eeefd00000] [id=282292]

Threads with active compile tasks:
C2 CompilerThread0  85657 12816       4       java.io.ObjectOutputStream::writeClassDesc (60 bytes)

VM state: not at safepoint (normal execution)

VM Mutex/Monitor currently owned by a thread: None

Heap address: 0x00000000e0000000, size: 512 MB, Compressed Oops mode: 32-bit

CDS archive(s) mapped at: [0x00000201d9000000-0x00000201d9bb0000-0x00000201d9bb0000), size 12255232, SharedBaseAddress: 0x00000201d9000000, ArchiveRelocationMode: 1.
Compressed class space mapped at: 0x00000201da000000-0x00000201ee000000, reserved size: 335544320
Narrow klass base: 0x00000201d9000000, Narrow klass shift: 0, Narrow klass range: 0x100000000

GC Precious Log:
 CPUs: 8 total, 8 available
 Memory: 7418M
 Large Page Support: Disabled
 NUMA Support: Disabled
 Compressed Oops: Enabled (32-bit)
 Heap Region Size: 1M
 Heap Min Capacity: 256M
 Heap Initial Capacity: 256M
 Heap Max Capacity: 512M
 Pre-touch: Disabled
 Parallel Workers: 8
 Concurrent Workers: 2
 Concurrent Refinement Workers: 8
 Periodic GC: Disabled

Heap:
 garbage-first heap   total 262144K, used 187019K [0x00000000e0000000, 0x0000000100000000)
  region size 1024K, 105 young (107520K), 9 survivors (9216K)
 Metaspace       used 68064K, committed 68928K, reserved 393216K
  class space    used 9295K, committed 9728K, reserved 327680K

Heap Regions: E=young(eden), S=young(survivor), O=old, HS=humongous(starts), HC=humongous(continues), CS=collection set, F=free, OA=open archive, CA=closed archive, TAMS=top-at-mark-start (previous, next)
|   0|0x00000000e0000000, 0x00000000e0100000, 0x00000000e0100000|100%|HS|  |TAMS 0x00000000e0100000, 0x00000000e0000000| Complete 
|   1|0x00000000e0100000, 0x00000000e0200000, 0x00000000e0200000|100%|HC|  |TAMS 0x00000000e0200000, 0x00000000e0100000| Complete 
|   2|0x00000000e0200000, 0x00000000e0300000, 0x00000000e0300000|100%|HC|  |TAMS 0x00000000e0300000, 0x00000000e0200000| Complete 
|   3|0x00000000e0300000, 0x00000000e0400000, 0x00000000e0400000|100%|HC|  |TAMS 0x00000000e0400000, 0x00000000e0300000| Complete 
|   4|0x00000000e0400000, 0x00000000e0500000, 0x00000000e0500000|100%| O|  |TAMS 0x00000000e0500000, 0x00000000e0400000| Untracked 
|   5|0x00000000e0500000, 0x00000000e0600000, 0x00000000e0600000|100%| O|  |TAMS 0x00000000e0600000, 0x00000000e0500000| Untracked 
|   6|0x00000000e0600000, 0x00000000e0700000, 0x00000000e0700000|100%| O|  |TAMS 0x00000000e0700000, 0x00000000e0600000| Untracked 
|   7|0x00000000e0700000, 0x00000000e0800000, 0x00000000e0800000|100%| O|  |TAMS 0x00000000e0800000, 0x00000000e0700000| Untracked 
|   8|0x00000000e0800000, 0x00000000e0900000, 0x00000000e0900000|100%|HS|  |TAMS 0x00000000e0900000, 0x00000000e0800000| Complete 
|   9|0x00000000e0900000, 0x00000000e0a00000, 0x00000000e0a00000|100%| O|  |TAMS 0x00000000e0a00000, 0x00000000e0900000| Untracked 
|  10|0x00000000e0a00000, 0x00000000e0b00000, 0x00000000e0b00000|100%| O|  |TAMS 0x00000000e0b00000, 0x00000000e0a00000| Untracked 
|  11|0x00000000e0b00000, 0x00000000e0c00000, 0x00000000e0c00000|100%| O|  |TAMS 0x00000000e0c00000, 0x00000000e0b00000| Untracked 
|  12|0x00000000e0c00000, 0x00000000e0d00000, 0x00000000e0d00000|100%| O|  |TAMS 0x00000000e0d00000, 0x00000000e0c00000| Untracked 
|  13|0x00000000e0d00000, 0x00000000e0e00000, 0x00000000e0e00000|100%| O|  |TAMS 0x00000000e0e00000, 0x00000000e0d00000| Untracked 
|  14|0x00000000e0e00000, 0x00000000e0f00000, 0x00000000e0f00000|100%| O|  |TAMS 0x00000000e0f00000, 0x00000000e0e00000| Untracked 
|  15|0x00000000e0f00000, 0x00000000e1000000, 0x00000000e1000000|100%| O|  |TAMS 0x00000000e1000000, 0x00000000e0f00000| Untracked 
|  16|0x00000000e1000000, 0x00000000e1100000, 0x00000000e1100000|100%| O|  |TAMS 0x00000000e1100000, 0x00000000e1000000| Untracked 
|  17|0x00000000e1100000, 0x00000000e1200000, 0x00000000e1200000|100%| O|  |TAMS 0x00000000e1200000, 0x00000000e1100000| Untracked 
|  18|0x00000000e1200000, 0x00000000e1300000, 0x00000000e1300000|100%| O|  |TAMS 0x00000000e1300000, 0x00000000e1200000| Untracked 
|  19|0x00000000e1300000, 0x00000000e1400000, 0x00000000e1400000|100%| O|  |TAMS 0x00000000e1400000, 0x00000000e1300000| Untracked 
|  20|0x00000000e1400000, 0x00000000e1500000, 0x00000000e1500000|100%| O|  |TAMS 0x00000000e1500000, 0x00000000e1400000| Untracked 
|  21|0x00000000e1500000, 0x00000000e1600000, 0x00000000e1600000|100%| O|  |TAMS 0x00000000e1600000, 0x00000000e1500000| Untracked 
|  22|0x00000000e1600000, 0x00000000e1700000, 0x00000000e1700000|100%| O|  |TAMS 0x00000000e1700000, 0x00000000e1600000| Untracked 
|  23|0x00000000e1700000, 0x00000000e1800000, 0x00000000e1800000|100%| O|  |TAMS 0x00000000e1800000, 0x00000000e1700000| Untracked 
|  24|0x00000000e1800000, 0x00000000e1900000, 0x00000000e1900000|100%| O|  |TAMS 0x00000000e1900000, 0x00000000e1800000| Untracked 
|  25|0x00000000e1900000, 0x00000000e1a00000, 0x00000000e1a00000|100%| O|  |TAMS 0x00000000e1a00000, 0x00000000e1900000| Untracked 
|  26|0x00000000e1a00000, 0x00000000e1b00000, 0x00000000e1b00000|100%| O|  |TAMS 0x00000000e1b00000, 0x00000000e1a00000| Untracked 
|  27|0x00000000e1b00000, 0x00000000e1c00000, 0x00000000e1c00000|100%| O|  |TAMS 0x00000000e1c00000, 0x00000000e1b00000| Complete 
|  28|0x00000000e1c00000, 0x00000000e1d00000, 0x00000000e1d00000|100%| O|  |TAMS 0x00000000e1d00000, 0x00000000e1c00000| Untracked 
|  29|0x00000000e1d00000, 0x00000000e1e00000, 0x00000000e1e00000|100%| O|  |TAMS 0x00000000e1e00000, 0x00000000e1d00000| Untracked 
|  30|0x00000000e1e00000, 0x00000000e1f00000, 0x00000000e1f00000|100%| O|  |TAMS 0x00000000e1f00000, 0x00000000e1e00000| Untracked 
|  31|0x00000000e1f00000, 0x00000000e2000000, 0x00000000e2000000|100%| O|  |TAMS 0x00000000e2000000, 0x00000000e1f00000| Untracked 
|  32|0x00000000e2000000, 0x00000000e2100000, 0x00000000e2100000|100%| O|  |TAMS 0x00000000e2100000, 0x00000000e2000000| Untracked 
|  33|0x00000000e2100000, 0x00000000e2200000, 0x00000000e2200000|100%| O|  |TAMS 0x00000000e2200000, 0x00000000e2100000| Untracked 
|  34|0x00000000e2200000, 0x00000000e2300000, 0x00000000e2300000|100%| O|  |TAMS 0x00000000e2300000, 0x00000000e2200000| Untracked 
|  35|0x00000000e2300000, 0x00000000e2400000, 0x00000000e2400000|100%| O|  |TAMS 0x00000000e2400000, 0x00000000e2300000| Untracked 
|  36|0x00000000e2400000, 0x00000000e2500000, 0x00000000e2500000|100%| O|  |TAMS 0x00000000e2500000, 0x00000000e2400000| Untracked 
|  37|0x00000000e2500000, 0x00000000e2600000, 0x00000000e2600000|100%| O|  |TAMS 0x00000000e2600000, 0x00000000e2500000| Untracked 
|  38|0x00000000e2600000, 0x00000000e2700000, 0x00000000e2700000|100%| O|  |TAMS 0x00000000e2700000, 0x00000000e2600000| Untracked 
|  39|0x00000000e2700000, 0x00000000e2800000, 0x00000000e2800000|100%| O|  |TAMS 0x00000000e2800000, 0x00000000e2700000| Untracked 
|  40|0x00000000e2800000, 0x00000000e2900000, 0x00000000e2900000|100%| O|  |TAMS 0x00000000e2900000, 0x00000000e2800000| Untracked 
|  41|0x00000000e2900000, 0x00000000e2a00000, 0x00000000e2a00000|100%| O|  |TAMS 0x00000000e2976800, 0x00000000e2900000| Untracked 
|  42|0x00000000e2a00000, 0x00000000e2b00000, 0x00000000e2b00000|100%| O|  |TAMS 0x00000000e2b00000, 0x00000000e2a00000| Untracked 
|  43|0x00000000e2b00000, 0x00000000e2c00000, 0x00000000e2c00000|100%| O|  |TAMS 0x00000000e2c00000, 0x00000000e2b00000| Complete 
|  44|0x00000000e2c00000, 0x00000000e2d00000, 0x00000000e2d00000|100%| O|  |TAMS 0x00000000e2d00000, 0x00000000e2c00000| Untracked 
|  45|0x00000000e2d00000, 0x00000000e2e00000, 0x00000000e2e00000|100%|HS|  |TAMS 0x00000000e2e00000, 0x00000000e2d00000| Complete 
|  46|0x00000000e2e00000, 0x00000000e2f00000, 0x00000000e2f00000|100%|HC|  |TAMS 0x00000000e2f00000, 0x00000000e2e00000| Complete 
|  47|0x00000000e2f00000, 0x00000000e3000000, 0x00000000e3000000|100%|HC|  |TAMS 0x00000000e3000000, 0x00000000e2f00000| Complete 
|  48|0x00000000e3000000, 0x00000000e3100000, 0x00000000e3100000|100%|HC|  |TAMS 0x00000000e3100000, 0x00000000e3000000| Complete 
|  49|0x00000000e3100000, 0x00000000e3200000, 0x00000000e3200000|100%|HC|  |TAMS 0x00000000e3200000, 0x00000000e3100000| Complete 
|  50|0x00000000e3200000, 0x00000000e3300000, 0x00000000e3300000|100%|HC|  |TAMS 0x00000000e3300000, 0x00000000e3200000| Complete 
|  51|0x00000000e3300000, 0x00000000e3400000, 0x00000000e3400000|100%|HS|  |TAMS 0x00000000e3400000, 0x00000000e3300000| Complete 
|  52|0x00000000e3400000, 0x00000000e3500000, 0x00000000e3500000|100%|HS|  |TAMS 0x00000000e3500000, 0x00000000e3400000| Complete 
|  53|0x00000000e3500000, 0x00000000e3600000, 0x00000000e3600000|100%|HS|  |TAMS 0x00000000e3600000, 0x00000000e3500000| Complete 
|  54|0x00000000e3600000, 0x00000000e3700000, 0x00000000e3700000|100%|HC|  |TAMS 0x00000000e3700000, 0x00000000e3600000| Complete 
|  55|0x00000000e3700000, 0x00000000e3800000, 0x00000000e3800000|100%|HC|  |TAMS 0x00000000e3800000, 0x00000000e3700000| Complete 
|  56|0x00000000e3800000, 0x00000000e3900000, 0x00000000e3900000|100%|HC|  |TAMS 0x00000000e3900000, 0x00000000e3800000| Complete 
|  57|0x00000000e3900000, 0x00000000e3a00000, 0x00000000e3a00000|100%|HC|  |TAMS 0x00000000e3a00000, 0x00000000e3900000| Complete 
|  58|0x00000000e3a00000, 0x00000000e3b00000, 0x00000000e3b00000|100%|HC|  |TAMS 0x00000000e3b00000, 0x00000000e3a00000| Complete 
|  59|0x00000000e3b00000, 0x00000000e3c00000, 0x00000000e3c00000|100%|HS|  |TAMS 0x00000000e3c00000, 0x00000000e3b00000| Complete 
|  60|0x00000000e3c00000, 0x00000000e3d00000, 0x00000000e3d00000|100%|HS|  |TAMS 0x00000000e3d00000, 0x00000000e3c00000| Complete 
|  61|0x00000000e3d00000, 0x00000000e3e00000, 0x00000000e3e00000|100%| O|  |TAMS 0x00000000e3e00000, 0x00000000e3d00000| Untracked 
|  62|0x00000000e3e00000, 0x00000000e3f00000, 0x00000000e3f00000|100%| O|  |TAMS 0x00000000e3f00000, 0x00000000e3e00000| Untracked 
|  63|0x00000000e3f00000, 0x00000000e4000000, 0x00000000e4000000|100%| O|  |TAMS 0x00000000e4000000, 0x00000000e3f00000| Untracked 
|  64|0x00000000e4000000, 0x00000000e4100000, 0x00000000e4100000|100%| O|  |TAMS 0x00000000e4100000, 0x00000000e4000000| Untracked 
|  65|0x00000000e4100000, 0x00000000e4200000, 0x00000000e4200000|100%| O|  |TAMS 0x00000000e4200000, 0x00000000e4100000| Untracked 
|  66|0x00000000e4200000, 0x00000000e4300000, 0x00000000e4300000|100%| O|  |TAMS 0x00000000e4300000, 0x00000000e4200000| Untracked 
|  67|0x00000000e4300000, 0x00000000e4400000, 0x00000000e4400000|100%| O|  |TAMS 0x00000000e4400000, 0x00000000e4300000| Untracked 
|  68|0x00000000e4400000, 0x00000000e4500000, 0x00000000e4500000|100%| O|  |TAMS 0x00000000e4500000, 0x00000000e4400000| Untracked 
|  69|0x00000000e4500000, 0x00000000e4600000, 0x00000000e4600000|100%| O|  |TAMS 0x00000000e4600000, 0x00000000e4500000| Untracked 
|  70|0x00000000e4600000, 0x00000000e4700000, 0x00000000e4700000|100%| O|  |TAMS 0x00000000e4700000, 0x00000000e4600000| Untracked 
|  71|0x00000000e4700000, 0x00000000e4800000, 0x00000000e4800000|100%| O|  |TAMS 0x00000000e4800000, 0x00000000e4700000| Untracked 
|  72|0x00000000e4800000, 0x00000000e4900000, 0x00000000e4900000|100%| O|  |TAMS 0x00000000e4900000, 0x00000000e4800000| Untracked 
|  73|0x00000000e4900000, 0x00000000e4a00000, 0x00000000e4a00000|100%| O|  |TAMS 0x00000000e4a00000, 0x00000000e4900000| Untracked 
|  74|0x00000000e4a00000, 0x00000000e4b00000, 0x00000000e4b00000|100%| O|  |TAMS 0x00000000e4b00000, 0x00000000e4a00000| Untracked 
|  75|0x00000000e4b00000, 0x00000000e4c00000, 0x00000000e4c00000|100%| O|  |TAMS 0x00000000e4b00000, 0x00000000e4b00000| Untracked 
|  76|0x00000000e4c00000, 0x00000000e4d00000, 0x00000000e4d00000|100%| O|  |TAMS 0x00000000e4c00000, 0x00000000e4c00000| Untracked 
|  77|0x00000000e4d00000, 0x00000000e4e00000, 0x00000000e4e00000|100%| O|  |TAMS 0x00000000e4d00000, 0x00000000e4d00000| Untracked 
|  78|0x00000000e4e00000, 0x00000000e4f00000, 0x00000000e4f00000|100%| O|  |TAMS 0x00000000e4e00000, 0x00000000e4e00000| Untracked 
|  79|0x00000000e4f00000, 0x00000000e4f1ac00, 0x00000000e5000000| 10%| O|  |TAMS 0x00000000e4f00000, 0x00000000e4f00000| Untracked 
|  80|0x00000000e5000000, 0x00000000e5000000, 0x00000000e5100000|  0%| F|  |TAMS 0x00000000e5000000, 0x00000000e5000000| Untracked 
|  81|0x00000000e5100000, 0x00000000e5100000, 0x00000000e5200000|  0%| F|  |TAMS 0x00000000e5100000, 0x00000000e5100000| Untracked 
|  82|0x00000000e5200000, 0x00000000e5200000, 0x00000000e5300000|  0%| F|  |TAMS 0x00000000e5200000, 0x00000000e5200000| Untracked 
|  83|0x00000000e5300000, 0x00000000e5300000, 0x00000000e5400000|  0%| F|  |TAMS 0x00000000e5300000, 0x00000000e5300000| Untracked 
|  84|0x00000000e5400000, 0x00000000e5400000, 0x00000000e5500000|  0%| F|  |TAMS 0x00000000e5400000, 0x00000000e5400000| Untracked 
|  85|0x00000000e5500000, 0x00000000e5500000, 0x00000000e5600000|  0%| F|  |TAMS 0x00000000e5500000, 0x00000000e5500000| Untracked 
|  86|0x00000000e5600000, 0x00000000e5600000, 0x00000000e5700000|  0%| F|  |TAMS 0x00000000e5600000, 0x00000000e5600000| Untracked 
|  87|0x00000000e5700000, 0x00000000e5700000, 0x00000000e5800000|  0%| F|  |TAMS 0x00000000e5700000, 0x00000000e5700000| Untracked 
|  88|0x00000000e5800000, 0x00000000e5800000, 0x00000000e5900000|  0%| F|  |TAMS 0x00000000e5800000, 0x00000000e5800000| Untracked 
|  89|0x00000000e5900000, 0x00000000e5900000, 0x00000000e5a00000|  0%| F|  |TAMS 0x00000000e5900000, 0x00000000e5900000| Untracked 
|  90|0x00000000e5a00000, 0x00000000e5a00000, 0x00000000e5b00000|  0%| F|  |TAMS 0x00000000e5a00000, 0x00000000e5a00000| Untracked 
|  91|0x00000000e5b00000, 0x00000000e5b00000, 0x00000000e5c00000|  0%| F|  |TAMS 0x00000000e5b00000, 0x00000000e5b00000| Untracked 
|  92|0x00000000e5c00000, 0x00000000e5c00000, 0x00000000e5d00000|  0%| F|  |TAMS 0x00000000e5c00000, 0x00000000e5c00000| Untracked 
|  93|0x00000000e5d00000, 0x00000000e5d00000, 0x00000000e5e00000|  0%| F|  |TAMS 0x00000000e5d00000, 0x00000000e5d00000| Untracked 
|  94|0x00000000e5e00000, 0x00000000e5e00000, 0x00000000e5f00000|  0%| F|  |TAMS 0x00000000e5e00000, 0x00000000e5e00000| Untracked 
|  95|0x00000000e5f00000, 0x00000000e5f00000, 0x00000000e6000000|  0%| F|  |TAMS 0x00000000e5f00000, 0x00000000e5f00000| Untracked 
|  96|0x00000000e6000000, 0x00000000e6000000, 0x00000000e6100000|  0%| F|  |TAMS 0x00000000e6000000, 0x00000000e6000000| Untracked 
|  97|0x00000000e6100000, 0x00000000e6100000, 0x00000000e6200000|  0%| F|  |TAMS 0x00000000e6100000, 0x00000000e6100000| Untracked 
|  98|0x00000000e6200000, 0x00000000e6200000, 0x00000000e6300000|  0%| F|  |TAMS 0x00000000e6200000, 0x00000000e6200000| Untracked 
|  99|0x00000000e6300000, 0x00000000e6300000, 0x00000000e6400000|  0%| F|  |TAMS 0x00000000e6300000, 0x00000000e6300000| Untracked 
| 100|0x00000000e6400000, 0x00000000e6400000, 0x00000000e6500000|  0%| F|  |TAMS 0x00000000e6400000, 0x00000000e6400000| Untracked 
| 101|0x00000000e6500000, 0x00000000e6500000, 0x00000000e6600000|  0%| F|  |TAMS 0x00000000e6500000, 0x00000000e6500000| Untracked 
| 102|0x00000000e6600000, 0x00000000e6600000, 0x00000000e6700000|  0%| F|  |TAMS 0x00000000e6600000, 0x00000000e6600000| Untracked 
| 103|0x00000000e6700000, 0x00000000e6700000, 0x00000000e6800000|  0%| F|  |TAMS 0x00000000e6700000, 0x00000000e6700000| Untracked 
| 104|0x00000000e6800000, 0x00000000e6800000, 0x00000000e6900000|  0%| F|  |TAMS 0x00000000e6800000, 0x00000000e6800000| Untracked 
| 105|0x00000000e6900000, 0x00000000e6900000, 0x00000000e6a00000|  0%| F|  |TAMS 0x00000000e6900000, 0x00000000e6900000| Untracked 
| 106|0x00000000e6a00000, 0x00000000e6a00000, 0x00000000e6b00000|  0%| F|  |TAMS 0x00000000e6a00000, 0x00000000e6a00000| Untracked 
| 107|0x00000000e6b00000, 0x00000000e6b00000, 0x00000000e6c00000|  0%| F|  |TAMS 0x00000000e6b00000, 0x00000000e6b00000| Untracked 
| 108|0x00000000e6c00000, 0x00000000e6c00000, 0x00000000e6d00000|  0%| F|  |TAMS 0x00000000e6c00000, 0x00000000e6c00000| Untracked 
| 109|0x00000000e6d00000, 0x00000000e6d00000, 0x00000000e6e00000|  0%| F|  |TAMS 0x00000000e6d00000, 0x00000000e6d00000| Untracked 
| 110|0x00000000e6e00000, 0x00000000e6e00000, 0x00000000e6f00000|  0%| F|  |TAMS 0x00000000e6e00000, 0x00000000e6e00000| Untracked 
| 111|0x00000000e6f00000, 0x00000000e6f00000, 0x00000000e7000000|  0%| F|  |TAMS 0x00000000e6f00000, 0x00000000e6f00000| Untracked 
| 112|0x00000000e7000000, 0x00000000e7000000, 0x00000000e7100000|  0%| F|  |TAMS 0x00000000e7000000, 0x00000000e7000000| Untracked 
| 113|0x00000000e7100000, 0x00000000e7100000, 0x00000000e7200000|  0%| F|  |TAMS 0x00000000e7100000, 0x00000000e7100000| Untracked 
| 114|0x00000000e7200000, 0x00000000e7200000, 0x00000000e7300000|  0%| F|  |TAMS 0x00000000e7200000, 0x00000000e7200000| Untracked 
| 115|0x00000000e7300000, 0x00000000e7300000, 0x00000000e7400000|  0%| F|  |TAMS 0x00000000e7300000, 0x00000000e7300000| Untracked 
| 116|0x00000000e7400000, 0x00000000e7400000, 0x00000000e7500000|  0%| F|  |TAMS 0x00000000e7400000, 0x00000000e7400000| Untracked 
| 117|0x00000000e7500000, 0x00000000e7500000, 0x00000000e7600000|  0%| F|  |TAMS 0x00000000e7500000, 0x00000000e7500000| Untracked 
| 118|0x00000000e7600000, 0x00000000e7600000, 0x00000000e7700000|  0%| F|  |TAMS 0x00000000e7600000, 0x00000000e7600000| Untracked 
| 119|0x00000000e7700000, 0x00000000e7700000, 0x00000000e7800000|  0%| F|  |TAMS 0x00000000e7700000, 0x00000000e7700000| Untracked 
| 120|0x00000000e7800000, 0x00000000e7800000, 0x00000000e7900000|  0%| F|  |TAMS 0x00000000e7800000, 0x00000000e7800000| Untracked 
| 121|0x00000000e7900000, 0x00000000e7900000, 0x00000000e7a00000|  0%| F|  |TAMS 0x00000000e7900000, 0x00000000e7900000| Untracked 
| 122|0x00000000e7a00000, 0x00000000e7a00000, 0x00000000e7b00000|  0%| F|  |TAMS 0x00000000e7a00000, 0x00000000e7a00000| Untracked 
| 123|0x00000000e7b00000, 0x00000000e7b00000, 0x00000000e7c00000|  0%| F|  |TAMS 0x00000000e7b00000, 0x00000000e7b00000| Untracked 
| 124|0x00000000e7c00000, 0x00000000e7c00000, 0x00000000e7d00000|  0%| F|  |TAMS 0x00000000e7c00000, 0x00000000e7c00000| Untracked 
| 125|0x00000000e7d00000, 0x00000000e7d00000, 0x00000000e7e00000|  0%| F|  |TAMS 0x00000000e7d00000, 0x00000000e7d00000| Untracked 
| 126|0x00000000e7e00000, 0x00000000e7e00000, 0x00000000e7f00000|  0%| F|  |TAMS 0x00000000e7e00000, 0x00000000e7e00000| Untracked 
| 127|0x00000000e7f00000, 0x00000000e7f00000, 0x00000000e8000000|  0%| F|  |TAMS 0x00000000e7f00000, 0x00000000e7f00000| Untracked 
| 128|0x00000000e8000000, 0x00000000e8000000, 0x00000000e8100000|  0%| F|  |TAMS 0x00000000e8000000, 0x00000000e8000000| Untracked 
| 129|0x00000000e8100000, 0x00000000e8100000, 0x00000000e8200000|  0%| F|  |TAMS 0x00000000e8100000, 0x00000000e8100000| Untracked 
| 130|0x00000000e8200000, 0x00000000e8200000, 0x00000000e8300000|  0%| F|  |TAMS 0x00000000e8200000, 0x00000000e8200000| Untracked 
| 131|0x00000000e8300000, 0x00000000e8300000, 0x00000000e8400000|  0%| F|  |TAMS 0x00000000e8300000, 0x00000000e8300000| Untracked 
| 132|0x00000000e8400000, 0x00000000e8400000, 0x00000000e8500000|  0%| F|  |TAMS 0x00000000e8400000, 0x00000000e8400000| Untracked 
| 133|0x00000000e8500000, 0x00000000e8500000, 0x00000000e8600000|  0%| F|  |TAMS 0x00000000e8500000, 0x00000000e8500000| Untracked 
| 134|0x00000000e8600000, 0x00000000e8600000, 0x00000000e8700000|  0%| F|  |TAMS 0x00000000e8600000, 0x00000000e8600000| Untracked 
| 135|0x00000000e8700000, 0x00000000e8700000, 0x00000000e8800000|  0%| F|  |TAMS 0x00000000e8700000, 0x00000000e8700000| Untracked 
| 136|0x00000000e8800000, 0x00000000e8800000, 0x00000000e8900000|  0%| F|  |TAMS 0x00000000e8800000, 0x00000000e8800000| Untracked 
| 137|0x00000000e8900000, 0x00000000e8900000, 0x00000000e8a00000|  0%| F|  |TAMS 0x00000000e8900000, 0x00000000e8900000| Untracked 
| 138|0x00000000e8a00000, 0x00000000e8a00000, 0x00000000e8b00000|  0%| F|  |TAMS 0x00000000e8a00000, 0x00000000e8a00000| Untracked 
| 139|0x00000000e8b00000, 0x00000000e8b00000, 0x00000000e8c00000|  0%| F|  |TAMS 0x00000000e8b00000, 0x00000000e8b00000| Untracked 
| 140|0x00000000e8c00000, 0x00000000e8c00000, 0x00000000e8d00000|  0%| F|  |TAMS 0x00000000e8c00000, 0x00000000e8c00000| Untracked 
| 141|0x00000000e8d00000, 0x00000000e8d00000, 0x00000000e8e00000|  0%| F|  |TAMS 0x00000000e8d00000, 0x00000000e8d00000| Untracked 
| 142|0x00000000e8e00000, 0x00000000e8e00000, 0x00000000e8f00000|  0%| F|  |TAMS 0x00000000e8e00000, 0x00000000e8e00000| Untracked 
| 143|0x00000000e8f00000, 0x00000000e8f00000, 0x00000000e9000000|  0%| F|  |TAMS 0x00000000e8f00000, 0x00000000e8f00000| Untracked 
| 144|0x00000000e9000000, 0x00000000e9000000, 0x00000000e9100000|  0%| F|  |TAMS 0x00000000e9000000, 0x00000000e9000000| Untracked 
| 145|0x00000000e9100000, 0x00000000e9100000, 0x00000000e9200000|  0%| F|  |TAMS 0x00000000e9100000, 0x00000000e9100000| Untracked 
| 146|0x00000000e9200000, 0x00000000e9200000, 0x00000000e9300000|  0%| F|  |TAMS 0x00000000e9200000, 0x00000000e9200000| Untracked 
| 147|0x00000000e9300000, 0x00000000e9300000, 0x00000000e9400000|  0%| F|  |TAMS 0x00000000e9300000, 0x00000000e9300000| Untracked 
| 148|0x00000000e9400000, 0x00000000e9400000, 0x00000000e9500000|  0%| F|  |TAMS 0x00000000e9400000, 0x00000000e9400000| Untracked 
| 149|0x00000000e9500000, 0x00000000e9500000, 0x00000000e9600000|  0%| F|  |TAMS 0x00000000e9500000, 0x00000000e9500000| Untracked 
| 150|0x00000000e9600000, 0x00000000e9600000, 0x00000000e9700000|  0%| F|  |TAMS 0x00000000e9600000, 0x00000000e9600000| Untracked 
| 151|0x00000000e9700000, 0x00000000e971ed48, 0x00000000e9800000| 12%| E|  |TAMS 0x00000000e9700000, 0x00000000e9700000| Complete 
| 152|0x00000000e9800000, 0x00000000e9900000, 0x00000000e9900000|100%| E|CS|TAMS 0x00000000e9800000, 0x00000000e9800000| Complete 
| 153|0x00000000e9900000, 0x00000000e9a00000, 0x00000000e9a00000|100%| E|CS|TAMS 0x00000000e9900000, 0x00000000e9900000| Complete 
| 154|0x00000000e9a00000, 0x00000000e9b00000, 0x00000000e9b00000|100%| E|CS|TAMS 0x00000000e9a00000, 0x00000000e9a00000| Complete 
| 155|0x00000000e9b00000, 0x00000000e9c00000, 0x00000000e9c00000|100%| E|CS|TAMS 0x00000000e9b00000, 0x00000000e9b00000| Complete 
| 156|0x00000000e9c00000, 0x00000000e9d00000, 0x00000000e9d00000|100%| E|CS|TAMS 0x00000000e9c00000, 0x00000000e9c00000| Complete 
| 157|0x00000000e9d00000, 0x00000000e9e00000, 0x00000000e9e00000|100%| E|CS|TAMS 0x00000000e9d00000, 0x00000000e9d00000| Complete 
| 158|0x00000000e9e00000, 0x00000000e9f00000, 0x00000000e9f00000|100%| E|CS|TAMS 0x00000000e9e00000, 0x00000000e9e00000| Complete 
| 159|0x00000000e9f00000, 0x00000000ea000000, 0x00000000ea000000|100%| E|CS|TAMS 0x00000000e9f00000, 0x00000000e9f00000| Complete 
| 160|0x00000000ea000000, 0x00000000ea100000, 0x00000000ea100000|100%| E|CS|TAMS 0x00000000ea000000, 0x00000000ea000000| Complete 
| 161|0x00000000ea100000, 0x00000000ea200000, 0x00000000ea200000|100%| E|CS|TAMS 0x00000000ea100000, 0x00000000ea100000| Complete 
| 162|0x00000000ea200000, 0x00000000ea300000, 0x00000000ea300000|100%| E|CS|TAMS 0x00000000ea200000, 0x00000000ea200000| Complete 
| 163|0x00000000ea300000, 0x00000000ea400000, 0x00000000ea400000|100%| E|CS|TAMS 0x00000000ea300000, 0x00000000ea300000| Complete 
| 164|0x00000000ea400000, 0x00000000ea500000, 0x00000000ea500000|100%| E|CS|TAMS 0x00000000ea400000, 0x00000000ea400000| Complete 
| 165|0x00000000ea500000, 0x00000000ea600000, 0x00000000ea600000|100%| E|CS|TAMS 0x00000000ea500000, 0x00000000ea500000| Complete 
| 166|0x00000000ea600000, 0x00000000ea700000, 0x00000000ea700000|100%| E|CS|TAMS 0x00000000ea600000, 0x00000000ea600000| Complete 
| 167|0x00000000ea700000, 0x00000000ea800000, 0x00000000ea800000|100%| E|CS|TAMS 0x00000000ea700000, 0x00000000ea700000| Complete 
| 168|0x00000000ea800000, 0x00000000ea900000, 0x00000000ea900000|100%| E|CS|TAMS 0x00000000ea800000, 0x00000000ea800000| Complete 
| 169|0x00000000ea900000, 0x00000000eaa00000, 0x00000000eaa00000|100%| E|CS|TAMS 0x00000000ea900000, 0x00000000ea900000| Complete 
| 170|0x00000000eaa00000, 0x00000000eab00000, 0x00000000eab00000|100%| E|CS|TAMS 0x00000000eaa00000, 0x00000000eaa00000| Complete 
| 171|0x00000000eab00000, 0x00000000eac00000, 0x00000000eac00000|100%| E|CS|TAMS 0x00000000eab00000, 0x00000000eab00000| Complete 
| 172|0x00000000eac00000, 0x00000000ead00000, 0x00000000ead00000|100%| E|CS|TAMS 0x00000000eac00000, 0x00000000eac00000| Complete 
| 173|0x00000000ead00000, 0x00000000eae00000, 0x00000000eae00000|100%| E|CS|TAMS 0x00000000ead00000, 0x00000000ead00000| Complete 
| 174|0x00000000eae00000, 0x00000000eaf00000, 0x00000000eaf00000|100%| E|CS|TAMS 0x00000000eae00000, 0x00000000eae00000| Complete 
| 175|0x00000000eaf00000, 0x00000000eb000000, 0x00000000eb000000|100%| E|CS|TAMS 0x00000000eaf00000, 0x00000000eaf00000| Complete 
| 176|0x00000000eb000000, 0x00000000eb100000, 0x00000000eb100000|100%| E|CS|TAMS 0x00000000eb000000, 0x00000000eb000000| Complete 
| 177|0x00000000eb100000, 0x00000000eb200000, 0x00000000eb200000|100%| E|CS|TAMS 0x00000000eb100000, 0x00000000eb100000| Complete 
| 178|0x00000000eb200000, 0x00000000eb300000, 0x00000000eb300000|100%| E|CS|TAMS 0x00000000eb200000, 0x00000000eb200000| Complete 
| 179|0x00000000eb300000, 0x00000000eb400000, 0x00000000eb400000|100%| E|CS|TAMS 0x00000000eb300000, 0x00000000eb300000| Complete 
| 180|0x00000000eb400000, 0x00000000eb500000, 0x00000000eb500000|100%| E|CS|TAMS 0x00000000eb400000, 0x00000000eb400000| Complete 
| 181|0x00000000eb500000, 0x00000000eb600000, 0x00000000eb600000|100%| E|CS|TAMS 0x00000000eb500000, 0x00000000eb500000| Complete 
| 182|0x00000000eb600000, 0x00000000eb700000, 0x00000000eb700000|100%| E|CS|TAMS 0x00000000eb600000, 0x00000000eb600000| Complete 
| 183|0x00000000eb700000, 0x00000000eb800000, 0x00000000eb800000|100%| E|CS|TAMS 0x00000000eb700000, 0x00000000eb700000| Complete 
| 184|0x00000000eb800000, 0x00000000eb900000, 0x00000000eb900000|100%| E|CS|TAMS 0x00000000eb800000, 0x00000000eb800000| Complete 
| 185|0x00000000eb900000, 0x00000000eba00000, 0x00000000eba00000|100%| E|CS|TAMS 0x00000000eb900000, 0x00000000eb900000| Complete 
| 186|0x00000000eba00000, 0x00000000ebb00000, 0x00000000ebb00000|100%| E|CS|TAMS 0x00000000eba00000, 0x00000000eba00000| Complete 
| 187|0x00000000ebb00000, 0x00000000ebc00000, 0x00000000ebc00000|100%| E|CS|TAMS 0x00000000ebb00000, 0x00000000ebb00000| Complete 
| 188|0x00000000ebc00000, 0x00000000ebd00000, 0x00000000ebd00000|100%| E|CS|TAMS 0x00000000ebc00000, 0x00000000ebc00000| Complete 
| 189|0x00000000ebd00000, 0x00000000ebe00000, 0x00000000ebe00000|100%| E|CS|TAMS 0x00000000ebd00000, 0x00000000ebd00000| Complete 
| 190|0x00000000ebe00000, 0x00000000ebf00000, 0x00000000ebf00000|100%| E|CS|TAMS 0x00000000ebe00000, 0x00000000ebe00000| Complete 
| 191|0x00000000ebf00000, 0x00000000ec000000, 0x00000000ec000000|100%| E|CS|TAMS 0x00000000ebf00000, 0x00000000ebf00000| Complete 
| 192|0x00000000ec000000, 0x00000000ec100000, 0x00000000ec100000|100%| E|CS|TAMS 0x00000000ec000000, 0x00000000ec000000| Complete 
| 193|0x00000000ec100000, 0x00000000ec200000, 0x00000000ec200000|100%| E|CS|TAMS 0x00000000ec100000, 0x00000000ec100000| Complete 
| 194|0x00000000ec200000, 0x00000000ec300000, 0x00000000ec300000|100%| E|CS|TAMS 0x00000000ec200000, 0x00000000ec200000| Complete 
| 195|0x00000000ec300000, 0x00000000ec388140, 0x00000000ec400000| 53%| S|CS|TAMS 0x00000000ec300000, 0x00000000ec300000| Complete 
| 196|0x00000000ec400000, 0x00000000ec500000, 0x00000000ec500000|100%| S|CS|TAMS 0x00000000ec400000, 0x00000000ec400000| Complete 
| 197|0x00000000ec500000, 0x00000000ec600000, 0x00000000ec600000|100%| S|CS|TAMS 0x00000000ec500000, 0x00000000ec500000| Complete 
| 198|0x00000000ec600000, 0x00000000ec700000, 0x00000000ec700000|100%| S|CS|TAMS 0x00000000ec600000, 0x00000000ec600000| Complete 
| 199|0x00000000ec700000, 0x00000000ec800000, 0x00000000ec800000|100%| S|CS|TAMS 0x00000000ec700000, 0x00000000ec700000| Complete 
| 200|0x00000000ec800000, 0x00000000ec900000, 0x00000000ec900000|100%| S|CS|TAMS 0x00000000ec800000, 0x00000000ec800000| Complete 
| 201|0x00000000ec900000, 0x00000000eca00000, 0x00000000eca00000|100%| S|CS|TAMS 0x00000000ec900000, 0x00000000ec900000| Complete 
| 202|0x00000000eca00000, 0x00000000ecb00000, 0x00000000ecb00000|100%| S|CS|TAMS 0x00000000eca00000, 0x00000000eca00000| Complete 
| 203|0x00000000ecb00000, 0x00000000ecc00000, 0x00000000ecc00000|100%| S|CS|TAMS 0x00000000ecb00000, 0x00000000ecb00000| Complete 
| 204|0x00000000ecc00000, 0x00000000ecd00000, 0x00000000ecd00000|100%| E|CS|TAMS 0x00000000ecc00000, 0x00000000ecc00000| Complete 
| 205|0x00000000ecd00000, 0x00000000ece00000, 0x00000000ece00000|100%| E|CS|TAMS 0x00000000ecd00000, 0x00000000ecd00000| Complete 
| 206|0x00000000ece00000, 0x00000000ecf00000, 0x00000000ecf00000|100%| E|CS|TAMS 0x00000000ece00000, 0x00000000ece00000| Complete 
| 207|0x00000000ecf00000, 0x00000000ed000000, 0x00000000ed000000|100%| E|CS|TAMS 0x00000000ecf00000, 0x00000000ecf00000| Complete 
| 208|0x00000000ed000000, 0x00000000ed100000, 0x00000000ed100000|100%| E|CS|TAMS 0x00000000ed000000, 0x00000000ed000000| Complete 
| 209|0x00000000ed100000, 0x00000000ed200000, 0x00000000ed200000|100%| E|CS|TAMS 0x00000000ed100000, 0x00000000ed100000| Complete 
| 210|0x00000000ed200000, 0x00000000ed300000, 0x00000000ed300000|100%| E|CS|TAMS 0x00000000ed200000, 0x00000000ed200000| Complete 
| 211|0x00000000ed300000, 0x00000000ed400000, 0x00000000ed400000|100%| E|CS|TAMS 0x00000000ed300000, 0x00000000ed300000| Complete 
| 212|0x00000000ed400000, 0x00000000ed500000, 0x00000000ed500000|100%| E|CS|TAMS 0x00000000ed400000, 0x00000000ed400000| Complete 
| 213|0x00000000ed500000, 0x00000000ed600000, 0x00000000ed600000|100%| E|CS|TAMS 0x00000000ed500000, 0x00000000ed500000| Complete 
| 214|0x00000000ed600000, 0x00000000ed700000, 0x00000000ed700000|100%| E|CS|TAMS 0x00000000ed600000, 0x00000000ed600000| Complete 
| 215|0x00000000ed700000, 0x00000000ed800000, 0x00000000ed800000|100%| E|CS|TAMS 0x00000000ed700000, 0x00000000ed700000| Complete 
| 216|0x00000000ed800000, 0x00000000ed900000, 0x00000000ed900000|100%| E|CS|TAMS 0x00000000ed800000, 0x00000000ed800000| Complete 
| 217|0x00000000ed900000, 0x00000000eda00000, 0x00000000eda00000|100%| E|CS|TAMS 0x00000000ed900000, 0x00000000ed900000| Complete 
| 218|0x00000000eda00000, 0x00000000edb00000, 0x00000000edb00000|100%| E|CS|TAMS 0x00000000eda00000, 0x00000000eda00000| Complete 
| 219|0x00000000edb00000, 0x00000000edc00000, 0x00000000edc00000|100%| E|CS|TAMS 0x00000000edb00000, 0x00000000edb00000| Complete 
| 220|0x00000000edc00000, 0x00000000edd00000, 0x00000000edd00000|100%| E|CS|TAMS 0x00000000edc00000, 0x00000000edc00000| Complete 
| 221|0x00000000edd00000, 0x00000000ede00000, 0x00000000ede00000|100%| E|CS|TAMS 0x00000000edd00000, 0x00000000edd00000| Complete 
| 222|0x00000000ede00000, 0x00000000edf00000, 0x00000000edf00000|100%| E|CS|TAMS 0x00000000ede00000, 0x00000000ede00000| Complete 
| 223|0x00000000edf00000, 0x00000000ee000000, 0x00000000ee000000|100%| E|CS|TAMS 0x00000000edf00000, 0x00000000edf00000| Complete 
| 224|0x00000000ee000000, 0x00000000ee100000, 0x00000000ee100000|100%| E|CS|TAMS 0x00000000ee000000, 0x00000000ee000000| Complete 
| 225|0x00000000ee100000, 0x00000000ee200000, 0x00000000ee200000|100%| E|CS|TAMS 0x00000000ee100000, 0x00000000ee100000| Complete 
| 226|0x00000000ee200000, 0x00000000ee300000, 0x00000000ee300000|100%| E|CS|TAMS 0x00000000ee200000, 0x00000000ee200000| Complete 
| 227|0x00000000ee300000, 0x00000000ee400000, 0x00000000ee400000|100%| E|CS|TAMS 0x00000000ee300000, 0x00000000ee300000| Complete 
| 228|0x00000000ee400000, 0x00000000ee500000, 0x00000000ee500000|100%| E|CS|TAMS 0x00000000ee400000, 0x00000000ee400000| Complete 
| 229|0x00000000ee500000, 0x00000000ee600000, 0x00000000ee600000|100%| E|CS|TAMS 0x00000000ee500000, 0x00000000ee500000| Complete 
| 230|0x00000000ee600000, 0x00000000ee700000, 0x00000000ee700000|100%| E|CS|TAMS 0x00000000ee600000, 0x00000000ee600000| Complete 
| 231|0x00000000ee700000, 0x00000000ee800000, 0x00000000ee800000|100%| E|CS|TAMS 0x00000000ee700000, 0x00000000ee700000| Complete 
| 232|0x00000000ee800000, 0x00000000ee900000, 0x00000000ee900000|100%| E|CS|TAMS 0x00000000ee800000, 0x00000000ee800000| Complete 
| 233|0x00000000ee900000, 0x00000000eea00000, 0x00000000eea00000|100%| E|CS|TAMS 0x00000000ee900000, 0x00000000ee900000| Complete 
| 234|0x00000000eea00000, 0x00000000eeb00000, 0x00000000eeb00000|100%| E|CS|TAMS 0x00000000eea00000, 0x00000000eea00000| Complete 
| 235|0x00000000eeb00000, 0x00000000eec00000, 0x00000000eec00000|100%| E|CS|TAMS 0x00000000eeb00000, 0x00000000eeb00000| Complete 
| 236|0x00000000eec00000, 0x00000000eed00000, 0x00000000eed00000|100%| E|CS|TAMS 0x00000000eec00000, 0x00000000eec00000| Complete 
| 237|0x00000000eed00000, 0x00000000eee00000, 0x00000000eee00000|100%| E|CS|TAMS 0x00000000eed00000, 0x00000000eed00000| Complete 
| 238|0x00000000eee00000, 0x00000000eef00000, 0x00000000eef00000|100%| E|CS|TAMS 0x00000000eee00000, 0x00000000eee00000| Complete 
| 239|0x00000000eef00000, 0x00000000ef000000, 0x00000000ef000000|100%| E|CS|TAMS 0x00000000eef00000, 0x00000000eef00000| Complete 
| 240|0x00000000ef000000, 0x00000000ef100000, 0x00000000ef100000|100%| E|CS|TAMS 0x00000000ef000000, 0x00000000ef000000| Complete 
| 241|0x00000000ef100000, 0x00000000ef200000, 0x00000000ef200000|100%| E|CS|TAMS 0x00000000ef100000, 0x00000000ef100000| Complete 
| 242|0x00000000ef200000, 0x00000000ef300000, 0x00000000ef300000|100%| E|CS|TAMS 0x00000000ef200000, 0x00000000ef200000| Complete 
| 243|0x00000000ef300000, 0x00000000ef400000, 0x00000000ef400000|100%| E|CS|TAMS 0x00000000ef300000, 0x00000000ef300000| Complete 
| 244|0x00000000ef400000, 0x00000000ef500000, 0x00000000ef500000|100%| E|CS|TAMS 0x00000000ef400000, 0x00000000ef400000| Complete 
| 245|0x00000000ef500000, 0x00000000ef600000, 0x00000000ef600000|100%| E|CS|TAMS 0x00000000ef500000, 0x00000000ef500000| Complete 
| 246|0x00000000ef600000, 0x00000000ef700000, 0x00000000ef700000|100%| E|CS|TAMS 0x00000000ef600000, 0x00000000ef600000| Complete 
| 247|0x00000000ef700000, 0x00000000ef800000, 0x00000000ef800000|100%| E|CS|TAMS 0x00000000ef700000, 0x00000000ef700000| Complete 
| 248|0x00000000ef800000, 0x00000000ef900000, 0x00000000ef900000|100%| E|CS|TAMS 0x00000000ef800000, 0x00000000ef800000| Complete 
| 249|0x00000000ef900000, 0x00000000efa00000, 0x00000000efa00000|100%| E|CS|TAMS 0x00000000ef900000, 0x00000000ef900000| Complete 
| 250|0x00000000efa00000, 0x00000000efb00000, 0x00000000efb00000|100%| E|CS|TAMS 0x00000000efa00000, 0x00000000efa00000| Complete 
| 251|0x00000000efb00000, 0x00000000efc00000, 0x00000000efc00000|100%| E|CS|TAMS 0x00000000efb00000, 0x00000000efb00000| Complete 
| 252|0x00000000efc00000, 0x00000000efd00000, 0x00000000efd00000|100%| E|CS|TAMS 0x00000000efc00000, 0x00000000efc00000| Complete 
| 253|0x00000000efd00000, 0x00000000efe00000, 0x00000000efe00000|100%| E|CS|TAMS 0x00000000efd00000, 0x00000000efd00000| Complete 
| 254|0x00000000efe00000, 0x00000000eff00000, 0x00000000eff00000|100%| E|CS|TAMS 0x00000000efe00000, 0x00000000efe00000| Complete 
| 255|0x00000000eff00000, 0x00000000f0000000, 0x00000000f0000000|100%| E|CS|TAMS 0x00000000eff00000, 0x00000000eff00000| Complete 

Card table byte_map: [0x00000201d45a0000,0x00000201d46a0000] _byte_map_base: 0x00000201d3ea0000

Marking Bits (Prev, Next): (CMBitMap*) 0x00000201bd6750a0, (CMBitMap*) 0x00000201bd675060
 Prev Bits: [0x00000201d4fa0000, 0x00000201d57a0000)
 Next Bits: [0x00000201d47a0000, 0x00000201d4fa0000)

Polling page: 0x00000201bb560000

Metaspace:

Usage:
  Non-class:     57.39 MB used.
      Class:      9.08 MB used.
       Both:     66.47 MB used.

Virtual space:
  Non-class space:       64.00 MB reserved,      57.81 MB ( 90%) committed,  1 nodes.
      Class space:      320.00 MB reserved,       9.50 MB (  3%) committed,  1 nodes.
             Both:      384.00 MB reserved,      67.31 MB ( 18%) committed. 

Chunk freelists:
   Non-Class:  6.09 MB
       Class:  6.54 MB
        Both:  12.64 MB

MaxMetaspaceSize: 384.00 MB
CompressedClassSpaceSize: 320.00 MB
Initial GC threshold: 21.00 MB
Current GC threshold: 99.31 MB
CDS: on
MetaspaceReclaimPolicy: balanced
 - commit_granule_bytes: 65536.
 - commit_granule_words: 8192.
 - virtual_space_node_default_size: 8388608.
 - enlarge_chunks_in_place: 1.
 - new_chunks_are_fully_committed: 0.
 - uncommit_free_chunks: 1.
 - use_allocation_guard: 0.
 - handle_deallocations: 1.


Internal statistics:

num_allocs_failed_limit: 12.
num_arena_births: 1160.
num_arena_deaths: 4.
num_vsnodes_births: 2.
num_vsnodes_deaths: 0.
num_space_committed: 1077.
num_space_uncommitted: 0.
num_chunks_returned_to_freelist: 16.
num_chunks_taken_from_freelist: 3859.
num_chunk_merges: 6.
num_chunk_splits: 2463.
num_chunks_enlarged: 1594.
num_inconsistent_stats: 0.

CodeHeap 'non-profiled nmethods': size=120000Kb used=7723Kb max_used=7723Kb free=112276Kb
 bounds [0x00000201ccc40000, 0x00000201cd3d0000, 0x00000201d4170000]
CodeHeap 'profiled nmethods': size=120000Kb used=17780Kb max_used=17880Kb free=102219Kb
 bounds [0x00000201c5170000, 0x00000201c62f0000, 0x00000201cc6a0000]
CodeHeap 'non-nmethods': size=5760Kb used=1724Kb max_used=1778Kb free=4035Kb
 bounds [0x00000201cc6a0000, 0x00000201cc910000, 0x00000201ccc40000]
 total_blobs=10721 nmethods=9907 adapters=724
 compilation: enabled
              stopped_count=0, restarted_count=0
 full_count=0

Compilation events (20 events):
Event: 85.022 Thread 0x00000201d8224f30 12817       3       java.nio.ByteBuffer::put (69 bytes)
Event: 85.023 Thread 0x00000201d8224f30 nmethod 12817 0x00000201c5e41b10 code [0x00000201c5e41d40, 0x00000201c5e42398]
Event: 85.023 Thread 0x00000201d8224f30 12818   !   3       java.nio.ByteBuffer::putArray (122 bytes)
Event: 85.024 Thread 0x00000201d8224f30 nmethod 12818 0x00000201c5e40610 code [0x00000201c5e408a0, 0x00000201c5e41478]
Event: 85.246 Thread 0x00000201d8224f30 12821       3       org.gradle.internal.logging.sink.ProgressLogEventGenerator$Operation::<init> (12 bytes)
Event: 85.246 Thread 0x00000201d8224f30 nmethod 12821 0x00000201c59bf810 code [0x00000201c59bf9c0, 0x00000201c59bfb08]
Event: 85.246 Thread 0x00000201d8224f30 12822       3       org.gradle.internal.logging.sink.ProgressLogEventGenerator$Operation::<init> (53 bytes)
Event: 85.246 Thread 0x00000201d8224f30 nmethod 12822 0x00000201c5e3ff10 code [0x00000201c5e400e0, 0x00000201c5e404e8]
Event: 85.255 Thread 0x00000201d8224f30 12823       3       org.gradle.internal.logging.serializer.ProgressStartEventSerializer::write (10 bytes)
Event: 85.256 Thread 0x00000201d8224f30 nmethod 12823 0x00000201c5e3fa10 code [0x00000201c5e3fbc0, 0x00000201c5e3fe08]
Event: 85.256 Thread 0x00000201d8224f30 12824       3       org.gradle.internal.logging.serializer.ProgressStartEventSerializer::write (383 bytes)
Event: 85.258 Thread 0x00000201d8224f30 nmethod 12824 0x00000201c5e3d010 code [0x00000201c5e3d3e0, 0x00000201c5e3f188]
Event: 85.287 Thread 0x00000201d8224f30 12826       3       com.esotericsoftware.kryo.io.Output::writeVarLong (1304 bytes)
Event: 85.288 Thread 0x00000201d8224f30 nmethod 12826 0x00000201c5e3b390 code [0x00000201c5e3b680, 0x00000201c5e3c8c8]
Event: 85.500 Thread 0x00000201d8224f30 12827       3       org.apache.http.impl.io.ContentLengthInputStream::read (148 bytes)
Event: 85.501 Thread 0x00000201d8224f30 nmethod 12827 0x00000201c5e3a590 code [0x00000201c5e3a7c0, 0x00000201c5e3b0c8]
Event: 85.520 Thread 0x00000201d8224f30 12828       3       java.math.BigDecimal::checkScale (62 bytes)
Event: 85.520 Thread 0x00000201d8224f30 nmethod 12828 0x00000201c5e3a010 code [0x00000201c5e3a1c0, 0x00000201c5e3a4a8]
Event: 85.523 Thread 0x00000201d8224f30 12829       3       org.gradle.internal.remote.internal.inet.SocketConnection$SocketOutputStream::write (78 bytes)
Event: 85.523 Thread 0x00000201d8224f30 nmethod 12829 0x00000201c5e39210 code [0x00000201c5e39440, 0x00000201c5e39d08]

GC Heap History (20 events):
Event: 45.279 GC heap before
{Heap before GC invocations=47 (full 0):
 garbage-first heap   total 262144K, used 77892K [0x00000000e0000000, 0x0000000100000000)
  region size 1024K, 18 young (18432K), 17 survivors (17408K)
 Metaspace       used 46718K, committed 47360K, reserved 393216K
  class space    used 6537K, committed 6848K, reserved 327680K
}
Event: 45.291 GC heap after
{Heap after GC invocations=48 (full 0):
 garbage-first heap   total 262144K, used 71720K [0x00000000e0000000, 0x0000000100000000)
  region size 1024K, 1 young (1024K), 1 survivors (1024K)
 Metaspace       used 46718K, committed 47360K, reserved 393216K
  class space    used 6537K, committed 6848K, reserved 327680K
}
Event: 47.290 GC heap before
{Heap before GC invocations=48 (full 0):
 garbage-first heap   total 262144K, used 216104K [0x00000000e0000000, 0x0000000100000000)
  region size 1024K, 142 young (145408K), 1 survivors (1024K)
 Metaspace       used 51113K, committed 51776K, reserved 393216K
  class space    used 7240K, committed 7552K, reserved 327680K
}
Event: 47.299 GC heap after
{Heap after GC invocations=49 (full 0):
 garbage-first heap   total 262144K, used 76849K [0x00000000e0000000, 0x0000000100000000)
  region size 1024K, 6 young (6144K), 6 survivors (6144K)
 Metaspace       used 51113K, committed 51776K, reserved 393216K
  class space    used 7240K, committed 7552K, reserved 327680K
}
Event: 49.180 GC heap before
{Heap before GC invocations=49 (full 0):
 garbage-first heap   total 262144K, used 216113K [0x00000000e0000000, 0x0000000100000000)
  region size 1024K, 142 young (145408K), 6 survivors (6144K)
 Metaspace       used 52080K, committed 52800K, reserved 393216K
  class space    used 7339K, committed 7680K, reserved 327680K
}
Event: 49.190 GC heap after
{Heap after GC invocations=50 (full 0):
 garbage-first heap   total 262144K, used 81583K [0x00000000e0000000, 0x0000000100000000)
  region size 1024K, 11 young (11264K), 11 survivors (11264K)
 Metaspace       used 52080K, committed 52800K, reserved 393216K
  class space    used 7339K, committed 7680K, reserved 327680K
}
Event: 49.686 GC heap before
{Heap before GC invocations=50 (full 0):
 garbage-first heap   total 262144K, used 215727K [0x00000000e0000000, 0x0000000100000000)
  region size 1024K, 143 young (146432K), 11 survivors (11264K)
 Metaspace       used 52218K, committed 52864K, reserved 393216K
  class space    used 7341K, committed 7680K, reserved 327680K
}
Event: 49.696 GC heap after
{Heap after GC invocations=51 (full 0):
 garbage-first heap   total 262144K, used 83418K [0x00000000e0000000, 0x0000000100000000)
  region size 1024K, 7 young (7168K), 7 survivors (7168K)
 Metaspace       used 52218K, committed 52864K, reserved 393216K
  class space    used 7341K, committed 7680K, reserved 327680K
}
Event: 50.125 GC heap before
{Heap before GC invocations=51 (full 0):
 garbage-first heap   total 262144K, used 220634K [0x00000000e0000000, 0x0000000100000000)
  region size 1024K, 140 young (143360K), 7 survivors (7168K)
 Metaspace       used 52367K, committed 53056K, reserved 393216K
  class space    used 7343K, committed 7680K, reserved 327680K
}
Event: 50.133 GC heap after
{Heap after GC invocations=52 (full 0):
 garbage-first heap   total 262144K, used 84614K [0x00000000e0000000, 0x0000000100000000)
  region size 1024K, 9 young (9216K), 9 survivors (9216K)
 Metaspace       used 52367K, committed 53056K, reserved 393216K
  class space    used 7343K, committed 7680K, reserved 327680K
}
Event: 50.688 GC heap before
{Heap before GC invocations=52 (full 0):
 garbage-first heap   total 262144K, used 219782K [0x00000000e0000000, 0x0000000100000000)
  region size 1024K, 142 young (145408K), 9 survivors (9216K)
 Metaspace       used 52461K, committed 53184K, reserved 393216K
  class space    used 7343K, committed 7680K, reserved 327680K
}
Event: 50.693 GC heap after
{Heap after GC invocations=53 (full 0):
 garbage-first heap   total 262144K, used 84619K [0x00000000e0000000, 0x0000000100000000)
  region size 1024K, 9 young (9216K), 9 survivors (9216K)
 Metaspace       used 52461K, committed 53184K, reserved 393216K
  class space    used 7343K, committed 7680K, reserved 327680K
}
Event: 51.093 GC heap before
{Heap before GC invocations=53 (full 0):
 garbage-first heap   total 262144K, used 220811K [0x00000000e0000000, 0x0000000100000000)
  region size 1024K, 143 young (146432K), 9 survivors (9216K)
 Metaspace       used 52470K, committed 53184K, reserved 393216K
  class space    used 7343K, committed 7680K, reserved 327680K
}
Event: 51.098 GC heap after
{Heap after GC invocations=54 (full 0):
 garbage-first heap   total 262144K, used 84442K [0x00000000e0000000, 0x0000000100000000)
  region size 1024K, 8 young (8192K), 8 survivors (8192K)
 Metaspace       used 52470K, committed 53184K, reserved 393216K
  class space    used 7343K, committed 7680K, reserved 327680K
}
Event: 51.976 GC heap before
{Heap before GC invocations=54 (full 0):
 garbage-first heap   total 262144K, used 224730K [0x00000000e0000000, 0x0000000100000000)
  region size 1024K, 145 young (148480K), 8 survivors (8192K)
 Metaspace       used 52622K, committed 53312K, reserved 393216K
  class space    used 7364K, committed 7680K, reserved 327680K
}
Event: 51.981 GC heap after
{Heap after GC invocations=55 (full 0):
 garbage-first heap   total 262144K, used 82322K [0x00000000e0000000, 0x0000000100000000)
  region size 1024K, 6 young (6144K), 6 survivors (6144K)
 Metaspace       used 52622K, committed 53312K, reserved 393216K
  class space    used 7364K, committed 7680K, reserved 327680K
}
Event: 53.609 GC heap before
{Heap before GC invocations=55 (full 0):
 garbage-first heap   total 262144K, used 224658K [0x00000000e0000000, 0x0000000100000000)
  region size 1024K, 146 young (149504K), 6 survivors (6144K)
 Metaspace       used 54463K, committed 55168K, reserved 393216K
  class space    used 7589K, committed 7936K, reserved 327680K
}
Event: 53.615 GC heap after
{Heap after GC invocations=56 (full 0):
 garbage-first heap   total 262144K, used 86348K [0x00000000e0000000, 0x0000000100000000)
  region size 1024K, 10 young (10240K), 10 survivors (10240K)
 Metaspace       used 54463K, committed 55168K, reserved 393216K
  class space    used 7589K, committed 7936K, reserved 327680K
}
Event: 55.005 GC heap before
{Heap before GC invocations=56 (full 0):
 garbage-first heap   total 262144K, used 138572K [0x00000000e0000000, 0x0000000100000000)
  region size 1024K, 62 young (63488K), 10 survivors (10240K)
 Metaspace       used 59752K, committed 60480K, reserved 393216K
  class space    used 8370K, committed 8704K, reserved 327680K
}
Event: 55.015 GC heap after
{Heap after GC invocations=57 (full 0):
 garbage-first heap   total 262144K, used 89739K [0x00000000e0000000, 0x0000000100000000)
  region size 1024K, 9 young (9216K), 9 survivors (9216K)
 Metaspace       used 59752K, committed 60480K, reserved 393216K
  class space    used 8370K, committed 8704K, reserved 327680K
}

Dll operation events (15 events):
Event: 0.037 Loaded shared library C:\Users\Stephanie\Downloads\OpenJDK17U-jdk_x64_windows_hotspot_17.0.18_8\jdk-17.0.18+8\bin\java.dll
Event: 0.089 Loaded shared library C:\Users\Stephanie\Downloads\OpenJDK17U-jdk_x64_windows_hotspot_17.0.18_8\jdk-17.0.18+8\bin\jsvml.dll
Event: 0.204 Loaded shared library C:\Users\Stephanie\Downloads\OpenJDK17U-jdk_x64_windows_hotspot_17.0.18_8\jdk-17.0.18+8\bin\zip.dll
Event: 0.214 Loaded shared library C:\Users\Stephanie\Downloads\OpenJDK17U-jdk_x64_windows_hotspot_17.0.18_8\jdk-17.0.18+8\bin\instrument.dll
Event: 0.229 Loaded shared library C:\Users\Stephanie\Downloads\OpenJDK17U-jdk_x64_windows_hotspot_17.0.18_8\jdk-17.0.18+8\bin\net.dll
Event: 0.237 Loaded shared library C:\Users\Stephanie\Downloads\OpenJDK17U-jdk_x64_windows_hotspot_17.0.18_8\jdk-17.0.18+8\bin\nio.dll
Event: 0.243 Loaded shared library C:\Users\Stephanie\Downloads\OpenJDK17U-jdk_x64_windows_hotspot_17.0.18_8\jdk-17.0.18+8\bin\zip.dll
Event: 0.630 Loaded shared library C:\Users\Stephanie\Downloads\OpenJDK17U-jdk_x64_windows_hotspot_17.0.18_8\jdk-17.0.18+8\bin\jimage.dll
Event: 1.023 Loaded shared library C:\Users\Stephanie\Downloads\OpenJDK17U-jdk_x64_windows_hotspot_17.0.18_8\jdk-17.0.18+8\bin\verify.dll
Event: 1.080 Loaded shared library C:\Users\Stephanie\.gradle\native\660c5614fbf4a5f2a75b1949f50a0caf5cd603558e7d8a26e50b933a0cfb79d1\windows-amd64\native-platform.dll
Event: 1.187 Loaded shared library C:\Users\Stephanie\.gradle\native\0.2.8\x86_64-windows-gnu\gradle-fileevents.dll
Event: 2.311 Loaded shared library C:\Users\Stephanie\Downloads\OpenJDK17U-jdk_x64_windows_hotspot_17.0.18_8\jdk-17.0.18+8\bin\management.dll
Event: 2.319 Loaded shared library C:\Users\Stephanie\Downloads\OpenJDK17U-jdk_x64_windows_hotspot_17.0.18_8\jdk-17.0.18+8\bin\management_ext.dll
Event: 2.678 Loaded shared library C:\Users\Stephanie\Downloads\OpenJDK17U-jdk_x64_windows_hotspot_17.0.18_8\jdk-17.0.18+8\bin\extnet.dll
Event: 3.169 Loaded shared library C:\Users\Stephanie\Downloads\OpenJDK17U-jdk_x64_windows_hotspot_17.0.18_8\jdk-17.0.18+8\bin\sunmscapi.dll

Deoptimization events (20 events):
Event: 81.247 Thread 0x00000201f5aa71f0 Uncommon trap: trap_request=0xffffff45 fr.pc=0x00000201ccebdcf0 relative=0x0000000000001a10
Event: 81.247 Thread 0x00000201f5aa71f0 Uncommon trap: reason=unstable_if action=reinterpret pc=0x00000201ccebdcf0 method=com.sun.org.apache.xerces.internal.impl.XMLDocumentFragmentScannerImpl$FragmentContentDriver.next()I @ 880 c2
Event: 81.247 Thread 0x00000201f5aa71f0 DEOPT PACKING pc=0x00000201ccebdcf0 sp=0x000000eef4cfb980
Event: 81.247 Thread 0x00000201f5aa71f0 DEOPT UNPACKING pc=0x00000201cc6f69a3 sp=0x000000eef4cfb968 mode 2
Event: 81.486 Thread 0x00000201f5aa71f0 Uncommon trap: trap_request=0xffffffdc fr.pc=0x00000201cd3998cc relative=0x000000000000022c
Event: 81.486 Thread 0x00000201f5aa71f0 Uncommon trap: reason=class_check action=make_not_entrant pc=0x00000201cd3998cc method=java.util.ArrayList.toArray([Ljava/lang/Object;)[Ljava/lang/Object; @ 21 c2
Event: 81.486 Thread 0x00000201f5aa71f0 DEOPT PACKING pc=0x00000201cd3998cc sp=0x000000eef4cfada0
Event: 81.486 Thread 0x00000201f5aa71f0 DEOPT UNPACKING pc=0x00000201cc6f69a3 sp=0x000000eef4cfad70 mode 2
Event: 83.200 Thread 0x00000201f312e5f0 Uncommon trap: trap_request=0xffffffc6 fr.pc=0x00000201ccf25270 relative=0x00000000000002b0
Event: 83.200 Thread 0x00000201f312e5f0 Uncommon trap: reason=bimorphic_or_optimized_type_check action=maybe_recompile pc=0x00000201ccf25270 method=com.google.common.collect.ImmutableList.iterator()Ljava/util/Iterator; @ 1 c2
Event: 83.200 Thread 0x00000201f312e5f0 DEOPT PACKING pc=0x00000201ccf25270 sp=0x000000eef16f6270
Event: 83.200 Thread 0x00000201f312e5f0 DEOPT UNPACKING pc=0x00000201cc6f69a3 sp=0x000000eef16f6230 mode 2
Event: 83.200 Thread 0x00000201f312e5f0 Uncommon trap: trap_request=0xffffffc6 fr.pc=0x00000201ccf25270 relative=0x00000000000002b0
Event: 83.200 Thread 0x00000201f312e5f0 Uncommon trap: reason=bimorphic_or_optimized_type_check action=maybe_recompile pc=0x00000201ccf25270 method=com.google.common.collect.ImmutableList.iterator()Ljava/util/Iterator; @ 1 c2
Event: 83.200 Thread 0x00000201f312e5f0 DEOPT PACKING pc=0x00000201ccf25270 sp=0x000000eef16f6270
Event: 83.200 Thread 0x00000201f312e5f0 DEOPT UNPACKING pc=0x00000201cc6f69a3 sp=0x000000eef16f6230 mode 2
Event: 83.200 Thread 0x00000201f312e5f0 Uncommon trap: trap_request=0xffffffc6 fr.pc=0x00000201ccf25270 relative=0x00000000000002b0
Event: 83.200 Thread 0x00000201f312e5f0 Uncommon trap: reason=bimorphic_or_optimized_type_check action=maybe_recompile pc=0x00000201ccf25270 method=com.google.common.collect.ImmutableList.iterator()Ljava/util/Iterator; @ 1 c2
Event: 83.200 Thread 0x00000201f312e5f0 DEOPT PACKING pc=0x00000201ccf25270 sp=0x000000eef16f6270
Event: 83.200 Thread 0x00000201f312e5f0 DEOPT UNPACKING pc=0x00000201cc6f69a3 sp=0x000000eef16f6230 mode 2

Classes loaded (20 events):
Event: 64.767 Loading class sun/security/ssl/NewSessionTicket$T13NewSessionTicketMessage
Event: 64.767 Loading class sun/security/ssl/NewSessionTicket$T13NewSessionTicketMessage done
Event: 65.141 Loading class sun/security/ssl/PreSharedKeyExtension$PskIdentity
Event: 65.142 Loading class sun/security/ssl/PreSharedKeyExtension$PskIdentity done
Event: 65.142 Loading class sun/security/ssl/PreSharedKeyExtension$CHPreSharedKeySpec
Event: 65.143 Loading class sun/security/ssl/PreSharedKeyExtension$CHPreSharedKeySpec done
Event: 65.143 Loading class sun/security/ssl/PreSharedKeyExtension$PartialClientHelloMessage
Event: 65.143 Loading class sun/security/ssl/PreSharedKeyExtension$PartialClientHelloMessage done
Event: 65.143 Loading class sun/security/ssl/SSLEngineOutputRecord
Event: 65.144 Loading class sun/security/ssl/SSLEngineOutputRecord done
Event: 65.144 Loading class sun/security/ssl/SSLEngineOutputRecord$HandshakeFragment
Event: 65.145 Loading class sun/security/ssl/SSLEngineOutputRecord$HandshakeFragment done
Event: 65.145 Loading class sun/security/ssl/SSLEngineOutputRecord$HandshakeMemo
Event: 65.145 Loading class sun/security/ssl/SSLEngineOutputRecord$RecordMemo
Event: 65.145 Loading class sun/security/ssl/SSLEngineOutputRecord$RecordMemo done
Event: 65.145 Loading class sun/security/ssl/SSLEngineOutputRecord$HandshakeMemo done
Event: 65.306 Loading class sun/security/ssl/PreSharedKeyExtension$SHPreSharedKeySpec
Event: 65.307 Loading class sun/security/ssl/PreSharedKeyExtension$SHPreSharedKeySpec done
Event: 75.685 Loading class java/util/concurrent/locks/ReentrantReadWriteLock$Sync$HoldCounter
Event: 75.686 Loading class java/util/concurrent/locks/ReentrantReadWriteLock$Sync$HoldCounter done

Classes unloaded (5 events):
Event: 55.058 Thread 0x00000201d820a510 Unloading class 0x00000201da6cc8d8 '_BuildScript_$_run_closure1$_closure2'
Event: 55.058 Thread 0x00000201d820a510 Unloading class 0x00000201da6cc4f0 '_BuildScript_$_run_closure1'
Event: 55.058 Thread 0x00000201d820a510 Unloading class 0x00000201da6cc000 '_BuildScript_'
Event: 55.058 Thread 0x00000201d820a510 Unloading class 0x00000201da6204f0 '_BuildScript_$_run_closure1'
Event: 55.058 Thread 0x00000201d820a510 Unloading class 0x00000201da620000 '_BuildScript_'

Classes redefined (0 events):
No events

Internal exceptions (20 events):
Event: 54.402 Thread 0x00000201f312e5f0 Exception <a 'java/lang/NoSuchMethodError'{0x00000000ee3a2c28}: 'java.lang.Object java.lang.invoke.Invokers$Holder.linkToCallSite(java.lang.Object, int, java.lang.Object, java.lang.Object)'> (0x00000000ee3a2c28) 
thrown [s\src\hotspot\share\interpreter\linkResolver.cpp, line 759]
Event: 54.402 Thread 0x00000201f312e5f0 Exception <a 'java/lang/NoSuchMethodError'{0x00000000ee3a7838}: 'void java.lang.invoke.DirectMethodHandle$Holder.invokeVirtual(java.lang.Object, java.lang.Object, int, java.lang.Object)'> (0x00000000ee3a7838) 
thrown [s\src\hotspot\share\interpreter\linkResolver.cpp, line 759]
Event: 54.403 Thread 0x00000201f312e5f0 Exception <a 'java/lang/NoSuchMethodError'{0x00000000ee3ac050}: 'void java.lang.invoke.DelegatingMethodHandle$Holder.reinvoke_L(java.lang.Object, java.lang.Object, int, java.lang.Object)'> (0x00000000ee3ac050) 
thrown [s\src\hotspot\share\interpreter\linkResolver.cpp, line 759]
Event: 54.413 Thread 0x00000201f312e5f0 Exception <a 'java/lang/NoSuchMethodError'{0x00000000ee20ddc0}: 'java.lang.Object java.lang.invoke.Invokers$Holder.linkToCallSite(java.lang.Object, java.lang.Object, int, java.lang.Object)'> (0x00000000ee20ddc0) 
thrown [s\src\hotspot\share\interpreter\linkResolver.cpp, line 759]
Event: 54.415 Thread 0x00000201f312e5f0 Exception <a 'java/lang/NoSuchMethodError'{0x00000000ee221a18}: 'java.lang.Object java.lang.invoke.DelegatingMethodHandle$Holder.delegate(java.lang.Object, java.lang.Object, java.lang.Object, java.lang.Object, int)'> (0x00000000ee221a18) 
thrown [s\src\hotspot\share\interpreter\linkResolver.cpp, line 759]
Event: 54.422 Thread 0x00000201f312e5f0 Exception <a 'java/lang/ClassNotFoundException'{0x00000000ee27dbe0}: org/gradle/plugin/use/internal/PluginRequestCollector$PluginDependenciesSpecImplBeanInfo> (0x00000000ee27dbe0) 
thrown [s\src\hotspot\share\classfile\systemDictionary.cpp, line 256]
Event: 54.423 Thread 0x00000201f312e5f0 Exception <a 'java/lang/ClassNotFoundException'{0x00000000ee2946a8}: org/gradle/plugin/use/internal/PluginRequestCollector$PluginDependenciesSpecImplCustomizer> (0x00000000ee2946a8) 
thrown [s\src\hotspot\share\classfile\systemDictionary.cpp, line 256]
Event: 54.430 Thread 0x00000201f312e5f0 Exception <a 'java/lang/ClassNotFoundException'{0x00000000ee2e9ba8}: org/gradle/plugin/use/internal/PluginRequestCollector$PluginDependencySpecImplBeanInfo> (0x00000000ee2e9ba8) 
thrown [s\src\hotspot\share\classfile\systemDictionary.cpp, line 256]
Event: 54.431 Thread 0x00000201f312e5f0 Exception <a 'java/lang/ClassNotFoundException'{0x00000000ee1005e0}: org/gradle/plugin/use/internal/PluginRequestCollector$PluginDependencySpecImplCustomizer> (0x00000000ee1005e0) 
thrown [s\src\hotspot\share\classfile\systemDictionary.cpp, line 256]
Event: 54.751 Thread 0x00000201f4da07c0 Exception <a 'java/lang/NoSuchMethodError'{0x00000000ed487bb0}: static Lorg/gradle/internal/build/event/types/DefaultFileDownloadDescriptor;.<clinit>()V> (0x00000000ed487bb0) 
thrown [s\src\hotspot\share\prims\jni.cpp, line 1112]
Event: 54.820 Thread 0x00000201f312e5f0 Exception <a 'sun/nio/fs/WindowsException'{0x00000000ed35a760}> (0x00000000ed35a760) 
thrown [s\src\hotspot\share\prims\jni.cpp, line 516]
Event: 56.619 Thread 0x00000201f312e5f0 Exception <a 'java/lang/NoSuchMethodError'{0x00000000eef26fb8}: 'void java.lang.invoke.DirectMethodHandle$Holder.invokeVirtual(java.lang.Object, java.lang.Object, long)'> (0x00000000eef26fb8) 
thrown [s\src\hotspot\share\interpreter\linkResolver.cpp, line 759]
Event: 56.631 Thread 0x00000201f4da07c0 Exception <a 'java/lang/NoSuchMethodError'{0x00000000eef89490}: static Lorg/gradle/internal/build/event/types/DefaultFileDownloadSuccessResult;.<clinit>()V> (0x00000000eef89490) 
thrown [s\src\hotspot\share\prims\jni.cpp, line 1112]
Event: 56.656 Thread 0x00000201f312e5f0 Implicit null exception at 0x00000201cd1c7ef0 to 0x00000201cd1c8474
Event: 56.676 Thread 0x00000201f312e5f0 Exception <a 'java/lang/NoSuchMethodError'{0x00000000eeee87b0}: 'int java.lang.invoke.DirectMethodHandle$Holder.invokeSpecial(java.lang.Object, java.lang.Object, int)'> (0x00000000eeee87b0) 
thrown [s\src\hotspot\share\interpreter\linkResolver.cpp, line 759]
Event: 56.891 Thread 0x00000201f312e5f0 Exception <a 'java/lang/NoSuchMethodError'{0x00000000ee8c79f0}: 'void java.lang.invoke.DirectMethodHandle$Holder.invokeStatic(java.lang.Object, java.lang.Object, java.lang.Object, int, java.lang.Object)'> (0x00000000ee8c79f0) 
thrown [s\src\hotspot\share\interpreter\linkResolver.cpp, line 759]
Event: 56.912 Thread 0x00000201f312e5f0 Implicit null exception at 0x00000201ccca25d2 to 0x00000201ccca2b7c
Event: 57.993 Thread 0x00000201f312e5f0 Implicit null exception at 0x00000201cd1019eb to 0x00000201cd101a10
Event: 57.993 Thread 0x00000201f312e5f0 Implicit null exception at 0x00000201cd1c4215 to 0x00000201cd1c4598
Event: 62.138 Thread 0x00000201f4da07c0 Exception <a 'java/lang/NoSuchMethodError'{0x00000000ee48c330}: static Lorg/gradle/internal/build/event/types/DefaultStatusEvent;.<clinit>()V> (0x00000000ee48c330) 
thrown [s\src\hotspot\share\prims\jni.cpp, line 1112]

VM Operations (20 events):
Event: 76.073 Executing VM operation: Cleanup
Event: 76.073 Executing VM operation: Cleanup done
Event: 77.074 Executing VM operation: Cleanup
Event: 77.074 Executing VM operation: Cleanup done
Event: 78.083 Executing VM operation: Cleanup
Event: 78.083 Executing VM operation: Cleanup done
Event: 79.090 Executing VM operation: Cleanup
Event: 79.090 Executing VM operation: Cleanup done
Event: 80.101 Executing VM operation: Cleanup
Event: 80.102 Executing VM operation: Cleanup done
Event: 81.105 Executing VM operation: Cleanup
Event: 81.105 Executing VM operation: Cleanup done
Event: 82.111 Executing VM operation: Cleanup
Event: 82.111 Executing VM operation: Cleanup done
Event: 83.126 Executing VM operation: Cleanup
Event: 83.126 Executing VM operation: Cleanup done
Event: 84.135 Executing VM operation: Cleanup
Event: 84.135 Executing VM operation: Cleanup done
Event: 85.146 Executing VM operation: Cleanup
Event: 85.146 Executing VM operation: Cleanup done

Memory protections (0 events):
No events

Nmethod flushes (20 events):
Event: 70.037 Thread 0x00000201d83a7fb0 flushing  nmethod 0x00000201c6146590
Event: 70.037 Thread 0x00000201d83a7fb0 flushing  nmethod 0x00000201c6160c10
Event: 70.037 Thread 0x00000201d83a7fb0 flushing  nmethod 0x00000201c6161090
Event: 70.037 Thread 0x00000201d83a7fb0 flushing  nmethod 0x00000201c6162090
Event: 70.037 Thread 0x00000201d83a7fb0 flushing  nmethod 0x00000201c6162510
Event: 70.037 Thread 0x00000201d83a7fb0 flushing  nmethod 0x00000201c6164210
Event: 70.037 Thread 0x00000201d83a7fb0 flushing  nmethod 0x00000201c616f110
Event: 70.037 Thread 0x00000201d83a7fb0 flushing  nmethod 0x00000201c616fe90
Event: 70.037 Thread 0x00000201d83a7fb0 flushing  nmethod 0x00000201c6170390
Event: 70.037 Thread 0x00000201d83a7fb0 flushing  nmethod 0x00000201c6170790
Event: 70.037 Thread 0x00000201d83a7fb0 flushing  nmethod 0x00000201c6174310
Event: 70.037 Thread 0x00000201d83a7fb0 flushing  nmethod 0x00000201c6174c10
Event: 70.037 Thread 0x00000201d83a7fb0 flushing  nmethod 0x00000201c6177f90
Event: 70.037 Thread 0x00000201d83a7fb0 flushing  nmethod 0x00000201c61aed90
Event: 70.037 Thread 0x00000201d83a7fb0 flushing osr nmethod 0x00000201c61c1410
Event: 70.037 Thread 0x00000201d83a7fb0 flushing  nmethod 0x00000201c61c5590
Event: 70.037 Thread 0x00000201d83a7fb0 flushing  nmethod 0x00000201c61e8a10
Event: 70.037 Thread 0x00000201d83a7fb0 flushing  nmethod 0x00000201c61ec790
Event: 70.038 Thread 0x00000201d83a7fb0 flushing  nmethod 0x00000201c6210110
Event: 70.038 Thread 0x00000201d83a7fb0 flushing  nmethod 0x00000201c6284410

Events (20 events):
Event: 75.683 Thread 0x00000201f312e5f0 Thread added: 0x00000201f5aac800
Event: 75.683 Thread 0x00000201f312e5f0 Thread added: 0x00000201f5aa58a0
Event: 76.236 Thread 0x00000201d8224f30 Thread added: 0x00000201f4dc0160
Event: 76.547 Thread 0x00000201f4dc0160 Thread exited: 0x00000201f4dc0160
Event: 77.047 Thread 0x00000201f312e5f0 Thread added: 0x00000201f5aa8b40
Event: 77.048 Thread 0x00000201f312e5f0 Thread added: 0x00000201f5aaaeb0
Event: 77.591 Thread 0x00000201d8224f30 Thread added: 0x00000201f4dbfc10
Event: 77.803 Thread 0x00000201f4dbfc10 Thread exited: 0x00000201f4dbfc10
Event: 78.110 Thread 0x00000201d8224f30 Thread added: 0x00000201f4dc2be0
Event: 78.499 Thread 0x00000201f4dc2be0 Thread exited: 0x00000201f4dc2be0
Event: 78.512 Thread 0x00000201f312e5f0 Thread added: 0x00000201f5aab3c0
Event: 78.512 Thread 0x00000201f312e5f0 Thread added: 0x00000201f5aa67d0
Event: 78.512 Thread 0x00000201f312e5f0 Thread added: 0x00000201f5aa9050
Event: 79.474 Thread 0x00000201f312e5f0 Thread added: 0x00000201f5aa9560
Event: 79.474 Thread 0x00000201f312e5f0 Thread added: 0x00000201f5aa5db0
Event: 80.384 Thread 0x00000201f312e5f0 Thread added: 0x00000201f5aa71f0
Event: 80.384 Thread 0x00000201f312e5f0 Thread added: 0x00000201f4f9ad90
Event: 82.058 Thread 0x00000201d8224f30 Thread added: 0x00000201f4dc2be0
Event: 83.071 Thread 0x00000201f4dc2be0 Thread exited: 0x00000201f4dc2be0
Event: 85.304 Thread 0x00000201f4d9c5f0 Thread exited: 0x00000201f4d9c5f0


Dynamic libraries:
0x00007ff6ce320000 - 0x00007ff6ce32e000 	C:\Users\Stephanie\Downloads\OpenJDK17U-jdk_x64_windows_hotspot_17.0.18_8\jdk-17.0.18+8\bin\java.exe
0x00007ffd27bd0000 - 0x00007ffd27de7000 	C:\WINDOWS\SYSTEM32\ntdll.dll
0x00007ffd272f0000 - 0x00007ffd273b4000 	C:\WINDOWS\System32\KERNEL32.DLL
0x00007ffd24eb0000 - 0x00007ffd25283000 	C:\WINDOWS\System32\KERNELBASE.dll
0x00007ffd20060000 - 0x00007ffd200f7000 	C:\WINDOWS\SYSTEM32\apphelp.dll
0x00007ffd25740000 - 0x00007ffd25851000 	C:\WINDOWS\System32\ucrtbase.dll
0x00007ffcec230000 - 0x00007ffcec248000 	C:\Users\Stephanie\Downloads\OpenJDK17U-jdk_x64_windows_hotspot_17.0.18_8\jdk-17.0.18+8\bin\jli.dll
0x00007ffd263e0000 - 0x00007ffd26591000 	C:\WINDOWS\System32\USER32.dll
0x00007ffd25290000 - 0x00007ffd252b6000 	C:\WINDOWS\System32\win32u.dll
0x00007ffd26110000 - 0x00007ffd26139000 	C:\WINDOWS\System32\GDI32.dll
0x00007ffd24d80000 - 0x00007ffd24ea2000 	C:\WINDOWS\System32\gdi32full.dll
0x00007ffd25480000 - 0x00007ffd2551a000 	C:\WINDOWS\System32\msvcp_win.dll
0x00007ffce9920000 - 0x00007ffce993e000 	C:\Users\Stephanie\Downloads\OpenJDK17U-jdk_x64_windows_hotspot_17.0.18_8\jdk-17.0.18+8\bin\VCRUNTIME140.dll
0x00007ffd05410000 - 0x00007ffd056ab000 	C:\WINDOWS\WinSxS\amd64_microsoft.windows.common-controls_6595b64144ccf1df_6.0.22621.5262_none_2712bde373830908\COMCTL32.dll
0x00007ffd275c0000 - 0x00007ffd27667000 	C:\WINDOWS\System32\msvcrt.dll
0x00007ffd274e0000 - 0x00007ffd27511000 	C:\WINDOWS\System32\IMM32.DLL
0x00000000598d0000 - 0x00000000598dc000 	C:\Program Files (x86)\360\Total Security\safemon\SafeWrapper.dll
0x00007ffd27780000 - 0x00007ffd27831000 	C:\WINDOWS\System32\ADVAPI32.dll
0x00007ffd27ae0000 - 0x00007ffd27b87000 	C:\WINDOWS\System32\sechost.dll
0x00007ffd25520000 - 0x00007ffd25548000 	C:\WINDOWS\System32\bcrypt.dll
0x00007ffd273c0000 - 0x00007ffd274d4000 	C:\WINDOWS\System32\RPCRT4.dll
0x00007ffcf3c80000 - 0x00007ffcf3d2c000 	C:\Program Files (x86)\360\Total Security\safemon\libzdtp64.dll
0x00007ffd25870000 - 0x00007ffd2610d000 	C:\WINDOWS\System32\SHELL32.dll
0x00007ffd25340000 - 0x00007ffd2547f000 	C:\WINDOWS\System32\wintypes.dll
0x00007ffd26750000 - 0x00007ffd26ae3000 	C:\WINDOWS\System32\combase.dll
0x00007ffd261c0000 - 0x00007ffd26226000 	C:\WINDOWS\System32\SHLWAPI.dll
0x00007ffd24880000 - 0x00007ffd2488a000 	C:\WINDOWS\SYSTEM32\VERSION.dll
0x00007ffd060c0000 - 0x00007ffd060cc000 	C:\Users\Stephanie\Downloads\OpenJDK17U-jdk_x64_windows_hotspot_17.0.18_8\jdk-17.0.18+8\bin\vcruntime140_1.dll
0x00007ffcdef00000 - 0x00007ffcdef8d000 	C:\Users\Stephanie\Downloads\OpenJDK17U-jdk_x64_windows_hotspot_17.0.18_8\jdk-17.0.18+8\bin\msvcp140.dll
0x00007ffca6090000 - 0x00007ffca6cfb000 	C:\Users\Stephanie\Downloads\OpenJDK17U-jdk_x64_windows_hotspot_17.0.18_8\jdk-17.0.18+8\bin\server\jvm.dll
0x00007ffd26140000 - 0x00007ffd261b1000 	C:\WINDOWS\System32\WS2_32.dll
0x00007ffd24a90000 - 0x00007ffd24add000 	C:\WINDOWS\SYSTEM32\POWRPROF.dll
0x00007ffd1d4c0000 - 0x00007ffd1d4f4000 	C:\WINDOWS\SYSTEM32\WINMM.dll
0x00007ffd24a70000 - 0x00007ffd24a83000 	C:\WINDOWS\SYSTEM32\UMPDC.dll
0x00007ffd23c70000 - 0x00007ffd23c88000 	C:\WINDOWS\SYSTEM32\kernel.appcore.dll
0x00007ffd03180000 - 0x00007ffd0318a000 	C:\Users\Stephanie\Downloads\OpenJDK17U-jdk_x64_windows_hotspot_17.0.18_8\jdk-17.0.18+8\bin\jimage.dll
0x00007ffd1a0f0000 - 0x00007ffd1a322000 	C:\WINDOWS\SYSTEM32\DBGHELP.DLL
0x00007ffd27210000 - 0x00007ffd272e7000 	C:\WINDOWS\System32\OLEAUT32.dll
0x00007ffd053d0000 - 0x00007ffd05402000 	C:\WINDOWS\SYSTEM32\dbgcore.DLL
0x00007ffd256c0000 - 0x00007ffd2573b000 	C:\WINDOWS\System32\bcryptPrimitives.dll
0x00007ffcff330000 - 0x00007ffcff33e000 	C:\Users\Stephanie\Downloads\OpenJDK17U-jdk_x64_windows_hotspot_17.0.18_8\jdk-17.0.18+8\bin\instrument.dll
0x00007ffce5570000 - 0x00007ffce5595000 	C:\Users\Stephanie\Downloads\OpenJDK17U-jdk_x64_windows_hotspot_17.0.18_8\jdk-17.0.18+8\bin\java.dll
0x00007ffcadcc0000 - 0x00007ffcadd97000 	C:\Users\Stephanie\Downloads\OpenJDK17U-jdk_x64_windows_hotspot_17.0.18_8\jdk-17.0.18+8\bin\jsvml.dll
0x00007ffd22b50000 - 0x00007ffd2346d000 	C:\WINDOWS\SYSTEM32\windows.storage.dll
0x00007ffd27670000 - 0x00007ffd2777b000 	C:\WINDOWS\System32\SHCORE.dll
0x00007ffd24bf0000 - 0x00007ffd24c1b000 	C:\WINDOWS\SYSTEM32\profapi.dll
0x00007ffce5550000 - 0x00007ffce5568000 	C:\Users\Stephanie\Downloads\OpenJDK17U-jdk_x64_windows_hotspot_17.0.18_8\jdk-17.0.18+8\bin\zip.dll
0x00007ffce54b0000 - 0x00007ffce54ca000 	C:\Users\Stephanie\Downloads\OpenJDK17U-jdk_x64_windows_hotspot_17.0.18_8\jdk-17.0.18+8\bin\net.dll
0x00007ffd20890000 - 0x00007ffd209bc000 	C:\WINDOWS\SYSTEM32\WINHTTP.dll
0x00007ffd24110000 - 0x00007ffd2417a000 	C:\WINDOWS\system32\mswsock.dll
0x00007ffce51b0000 - 0x00007ffce51c6000 	C:\Users\Stephanie\Downloads\OpenJDK17U-jdk_x64_windows_hotspot_17.0.18_8\jdk-17.0.18+8\bin\nio.dll
0x00007ffcf9ca0000 - 0x00007ffcf9cb0000 	C:\Users\Stephanie\Downloads\OpenJDK17U-jdk_x64_windows_hotspot_17.0.18_8\jdk-17.0.18+8\bin\verify.dll
0x00007ffce6d60000 - 0x00007ffce6d87000 	C:\Users\Stephanie\.gradle\native\660c5614fbf4a5f2a75b1949f50a0caf5cd603558e7d8a26e50b933a0cfb79d1\windows-amd64\native-platform.dll
0x00007ffcc3200000 - 0x00007ffcc3277000 	C:\Users\Stephanie\.gradle\native\0.2.8\x86_64-windows-gnu\gradle-fileevents.dll
0x00007ffcf9050000 - 0x00007ffcf905a000 	C:\Users\Stephanie\Downloads\OpenJDK17U-jdk_x64_windows_hotspot_17.0.18_8\jdk-17.0.18+8\bin\management.dll
0x00007ffcf8f20000 - 0x00007ffcf8f2c000 	C:\Users\Stephanie\Downloads\OpenJDK17U-jdk_x64_windows_hotspot_17.0.18_8\jdk-17.0.18+8\bin\management_ext.dll
0x00007ffd27840000 - 0x00007ffd27848000 	C:\WINDOWS\System32\PSAPI.DLL
0x00007ffd236d0000 - 0x00007ffd236fd000 	C:\WINDOWS\SYSTEM32\IPHLPAPI.DLL
0x00007ffd266b0000 - 0x00007ffd266b9000 	C:\WINDOWS\System32\NSI.dll
0x00007ffd209f0000 - 0x00007ffd20a09000 	C:\WINDOWS\SYSTEM32\dhcpcsvc6.DLL
0x00007ffd20870000 - 0x00007ffd2088f000 	C:\WINDOWS\SYSTEM32\dhcpcsvc.DLL
0x00007ffd23700000 - 0x00007ffd237f8000 	C:\WINDOWS\SYSTEM32\DNSAPI.dll
0x00007ffcf7160000 - 0x00007ffcf7169000 	C:\Users\Stephanie\Downloads\OpenJDK17U-jdk_x64_windows_hotspot_17.0.18_8\jdk-17.0.18+8\bin\extnet.dll
0x00007ffd24360000 - 0x00007ffd2437b000 	C:\WINDOWS\SYSTEM32\CRYPTSP.dll
0x00007ffd23bd0000 - 0x00007ffd23c07000 	C:\WINDOWS\system32\rsaenh.dll
0x00007ffd24200000 - 0x00007ffd24228000 	C:\WINDOWS\SYSTEM32\USERENV.dll
0x00007ffd24380000 - 0x00007ffd2438c000 	C:\WINDOWS\SYSTEM32\CRYPTBASE.dll
0x00007ffcf7110000 - 0x00007ffcf711e000 	C:\Users\Stephanie\Downloads\OpenJDK17U-jdk_x64_windows_hotspot_17.0.18_8\jdk-17.0.18+8\bin\sunmscapi.dll
0x00007ffd25550000 - 0x00007ffd256b7000 	C:\WINDOWS\System32\CRYPT32.dll
0x00007ffd24500000 - 0x00007ffd2452d000 	C:\WINDOWS\SYSTEM32\ncrypt.dll
0x00007ffd244c0000 - 0x00007ffd244f7000 	C:\WINDOWS\SYSTEM32\NTASN1.dll
0x00007ffd03160000 - 0x00007ffd03168000 	C:\WINDOWS\system32\wshunix.dll
0x00007ffd23da0000 - 0x00007ffd23dd4000 	C:\WINDOWS\SYSTEM32\ntmarta.dll
0x00007ffd209c0000 - 0x00007ffd209ca000 	C:\Windows\System32\rasadhlp.dll
0x00007ffd1d2c0000 - 0x00007ffd1d343000 	C:\WINDOWS\System32\fwpuclnt.dll

dbghelp: loaded successfully - version: 4.0.5 - missing functions: none
symbol engine: initialized successfully - sym options: 0x614 - pdb path: .;C:\Users\Stephanie\Downloads\OpenJDK17U-jdk_x64_windows_hotspot_17.0.18_8\jdk-17.0.18+8\bin;C:\WINDOWS\SYSTEM32;C:\WINDOWS\WinSxS\amd64_microsoft.windows.common-controls_6595b64144ccf1df_6.0.22621.5262_none_2712bde373830908;C:\Program Files (x86)\360\Total Security\safemon;C:\Users\Stephanie\Downloads\OpenJDK17U-jdk_x64_windows_hotspot_17.0.18_8\jdk-17.0.18+8\bin\server;C:\Users\Stephanie\.gradle\native\660c5614fbf4a5f2a75b1949f50a0caf5cd603558e7d8a26e50b933a0cfb79d1\windows-amd64;C:\Users\Stephanie\.gradle\native\0.2.8\x86_64-windows-gnu

VM Arguments:
jvm_args: --add-opens=java.base/java.lang=ALL-UNNAMED --add-opens=java.base/java.lang.invoke=ALL-UNNAMED --add-opens=java.base/java.util=ALL-UNNAMED --add-opens=java.prefs/java.util.prefs=ALL-UNNAMED --add-exports=jdk.compiler/com.sun.tools.javac.api=ALL-UNNAMED --add-exports=jdk.compiler/com.sun.tools.javac.util=ALL-UNNAMED --add-opens=java.base/java.util=ALL-UNNAMED --add-opens=java.prefs/java.util.prefs=ALL-UNNAMED --add-opens=java.base/java.nio.charset=ALL-UNNAMED --add-opens=java.base/java.net=ALL-UNNAMED --add-opens=java.base/java.util.concurrent=ALL-UNNAMED --add-opens=java.base/java.util.concurrent.atomic=ALL-UNNAMED --add-opens=java.xml/javax.xml.namespace=ALL-UNNAMED --add-opens=java.base/java.time=ALL-UNNAMED -XX:MaxMetaspaceSize=384m -XX:+HeapDumpOnOutOfMemoryError -Xms256m -Xmx512m -Dfile.encoding=UTF-8 -Duser.country=PH -Duser.language=en -Duser.variant -javaagent:C:\Users\Stephanie\.gradle\wrapper\dists\gradle-9.4.1-bin\arn2x92ynaizyzdaamcbpbhtj\gradle-9.4.1\lib\agents\gradle-instrumentation-agent-9.4.1.jar 
java_command: org.gradle.launcher.daemon.bootstrap.GradleDaemon 9.4.1
java_class_path (initial): C:\Users\Stephanie\.gradle\wrapper\dists\gradle-9.4.1-bin\arn2x92ynaizyzdaamcbpbhtj\gradle-9.4.1\lib\gradle-daemon-main-9.4.1.jar
Launcher Type: SUN_STANDARD

[Global flags]
     intx CICompilerCount                          = 4                                         {product} {ergonomic}
   size_t CompressedClassSpaceSize                 = 335544320                                 {product} {ergonomic}
     uint ConcGCThreads                            = 2                                         {product} {ergonomic}
     uint G1ConcRefinementThreads                  = 8                                         {product} {ergonomic}
   size_t G1HeapRegionSize                         = 1048576                                   {product} {ergonomic}
    uintx GCDrainStackTargetSize                   = 64                                        {product} {ergonomic}
     bool HeapDumpOnOutOfMemoryError               = true                                   {manageable} {command line}
   size_t InitialHeapSize                          = 268435456                                 {product} {command line}
   size_t MarkStackSize                            = 4194304                                   {product} {ergonomic}
   size_t MaxHeapSize                              = 536870912                                 {product} {command line}
   size_t MaxMetaspaceSize                         = 402653184                                 {product} {command line}
   size_t MaxNewSize                               = 321912832                                 {product} {ergonomic}
   size_t MinHeapDeltaBytes                        = 1048576                                   {product} {ergonomic}
   size_t MinHeapSize                              = 268435456                                 {product} {command line}
    uintx NonNMethodCodeHeapSize                   = 5839372                                {pd product} {ergonomic}
    uintx NonProfiledCodeHeapSize                  = 122909434                              {pd product} {ergonomic}
    uintx ProfiledCodeHeapSize                     = 122909434                              {pd product} {ergonomic}
    uintx ReservedCodeCacheSize                    = 251658240                              {pd product} {ergonomic}
     bool SegmentedCodeCache                       = true                                      {product} {ergonomic}
   size_t SoftMaxHeapSize                          = 536870912                              {manageable} {ergonomic}
     bool UseCompressedClassPointers               = true                           {product lp64_product} {ergonomic}
     bool UseCompressedOops                        = true                           {product lp64_product} {ergonomic}
     bool UseG1GC                                  = true                                      {product} {ergonomic}
     bool UseLargePagesIndividualAllocation        = false                                  {pd product} {ergonomic}

Logging:
Log output configuration:
 #0: stdout all=warning uptime,level,tags
 #1: stderr all=off uptime,level,tags

Environment Variables:
PATH=C:\WINDOWS\system32;C:\WINDOWS;C:\WINDOWS\System32\Wbem;C:\WINDOWS\System32\WindowsPowerShell\v1.0\;C:\WINDOWS\System32\OpenSSH\;C:\Program Files\HP\HP One Agent;C:\Program Files\Microsoft SQL Server\150\Tools\Binn\;C:\Program Files\Microsoft SQL Server\Client SDK\ODBC\170\Tools\Binn\;C:\Program Files\dotnet\;C:\Program Files\nodejs\;C:\Program Files\Git\cmd;C:\Users\Stephanie\AppData\Local\Programs\Python\Python312\Scripts\;C:\Users\Stephanie\AppData\Local\Programs\Python\Python312\;C:\Users\Stephanie\AppData\Local\Microsoft\WindowsApps;C:\Users\Stephanie\AppData\Local\Programs\Microsoft VS Code\bin;C:\Users\Stephanie\.dotnet\tools;C:\Users\Stephanie\AppData\Roaming\npm;C:\Program Files\JetBrains\IntelliJ IDEA 2026.1.1\bin
USERNAME=Stephanie
OS=Windows_NT
PROCESSOR_IDENTIFIER=AMD64 Family 23 Model 160 Stepping 0, AuthenticAMD
TMP=C:\Users\STEPHA~1\AppData\Local\Temp
TEMP=C:\Users\STEPHA~1\AppData\Local\Temp



Periodic native trim disabled


---------------  S Y S T E M  ---------------

OS:
 Windows 11 , 64 bit Build 22621 (10.0.22621.5262)
OS uptime: 70 days 9:15 hours
Hyper-V role detected

CPU: total 8 (initial active 8) (8 cores per cpu, 2 threads per core) family 23 model 160 stepping 0 microcode 0x0, cx8, cmov, fxsr, ht, mmx, 3dnowpref, sse, sse2, sse3, ssse3, sse4a, sse4.1, sse4.2, popcnt, lzcnt, tsc, tscinvbit, avx, avx2, aes, clmul, bmi1, bmi2, adx, sha, fma, vzeroupper, clflush, clflushopt, hv
Processor Information for all 8 processors :
  Max Mhz: 2401, Current Mhz: 2401, Mhz Limit: 2401

Memory: 4k page, system-wide physical 7418M (315M free)
TotalPageFile size 29946M (AvailPageFile size 4M)
current process WorkingSet (physical memory assigned to process): 345M, peak: 441M
current process commit charge ("private bytes"): 526M, peak: 537M

vm_info: OpenJDK 64-Bit Server VM (17.0.18+8) for windows-amd64 JRE (17.0.18+8), built on Jan 20 2026 22:28:22 by "admin" with MS VC++ 17.12 (VS2022)

END.
